<?xml version="1.0" encoding="UTF-8"?>
<testsuite name="com.indra.runners.SanityRunners" tests="0" skipped="0" failures="0" errors="0" timestamp="1970-01-01T00:00:00" hostname="22LAP5CD1195RQX" time="0.0">
  <properties/>
  <system-out><![CDATA[13:22:31.099 [Test worker] DEBUG net.thucydides.core.util.PropertiesFileLocalPreferences - LOADING LOCAL PROPERTIES FROM C:\Users\nriosa\Desktop\SanitySemillas\SanitySemilla8\serenity.properties 
13:22:31.205 [Test worker] DEBUG net.thucydides.core.util.PropertiesFileLocalPreferences - LOADING LOCAL PROPERTIES FROM C:\Users\nriosa\Desktop\SanitySemillas\SanitySemilla8\serenity.properties 
13:22:31.207 [Test worker] DEBUG net.thucydides.core.util.PropertiesFileLocalPreferences - LOADING LOCAL PROPERTIES FROM C:\Users\nriosa\Desktop\SanitySemillas\SanitySemilla8\serenity.properties 
13:22:31.216 [Test worker] DEBUG net.thucydides.core.util.PropertiesFileLocalPreferences - webdriver.driver=firefox
13:22:31.216 [Test worker] DEBUG net.thucydides.core.util.PropertiesFileLocalPreferences - serenity.console.colors=true
13:22:31.216 [Test worker] DEBUG net.thucydides.core.util.PropertiesFileLocalPreferences - webdriver.gecko.driver=src/test/resources/drivers/geckodriver.exe
13:22:31.216 [Test worker] DEBUG net.thucydides.core.util.PropertiesFileLocalPreferences - webdriver.base.url=http://10.69.60.77:8180/tigo-pos-web/index.jsp
13:22:31.216 [Test worker] DEBUG net.thucydides.core.util.PropertiesFileLocalPreferences - serenity.project.name=Automatización Sanity Ambiente - Activacion Prepago
13:22:31.217 [Test worker] DEBUG net.thucydides.core.util.PropertiesFileLocalPreferences - webdriver.wait.for.timeout=22000
13:22:31.217 [Test worker] DEBUG net.thucydides.core.util.PropertiesFileLocalPreferences - serenity.use.unique.browser=true
13:22:31.217 [Test worker] DEBUG net.thucydides.core.util.PropertiesFileLocalPreferences - webdriver.timeouts.implicitlywait=25000
13:22:31.217 [Test worker] DEBUG net.thucydides.core.util.PropertiesFileLocalPreferences - serenity.take.screenshots=FOR_EACH_ACTION
13:22:31.217 [Test worker] DEBUG net.thucydides.core.util.PropertiesFileLocalPreferences - serenity.browser.maximized=true
13:22:31.217 [Test worker] DEBUG net.thucydides.core.util.PropertiesFileLocalPreferences - firefox.capability.marionette=true
13:22:31.495 [Test worker] DEBUG net.thucydides.core.util.PropertiesFileLocalPreferences - LOADING LOCAL PROPERTIES FROM C:\Users\nriosa\Desktop\SanitySemillas\SanitySemilla8\serenity.properties 
13:22:31.559 [Test worker] DEBUG net.thucydides.core.util.PropertiesFileLocalPreferences - LOADING LOCAL PROPERTIES FROM C:\Users\nriosa\Desktop\SanitySemillas\SanitySemilla8\serenity.properties 
13:22:31.560 [Test worker] DEBUG net.thucydides.core.util.PropertiesFileLocalPreferences - LOADING LOCAL PROPERTIES FROM C:\Users\nriosa\Desktop\SanitySemillas\SanitySemilla8\serenity.properties 
13:22:31.561 [Test worker] DEBUG net.thucydides.core.util.PropertiesFileLocalPreferences - webdriver.driver=firefox
13:22:31.561 [Test worker] DEBUG net.thucydides.core.util.PropertiesFileLocalPreferences - serenity.console.colors=true
13:22:31.561 [Test worker] DEBUG net.thucydides.core.util.PropertiesFileLocalPreferences - webdriver.gecko.driver=src/test/resources/drivers/geckodriver.exe
13:22:31.561 [Test worker] DEBUG net.thucydides.core.util.PropertiesFileLocalPreferences - webdriver.base.url=http://10.69.60.77:8180/tigo-pos-web/index.jsp
13:22:31.561 [Test worker] DEBUG net.thucydides.core.util.PropertiesFileLocalPreferences - serenity.project.name=Automatización Sanity Ambiente - Activacion Prepago
13:22:31.561 [Test worker] DEBUG net.thucydides.core.util.PropertiesFileLocalPreferences - webdriver.wait.for.timeout=22000
13:22:31.561 [Test worker] DEBUG net.thucydides.core.util.PropertiesFileLocalPreferences - serenity.use.unique.browser=true
13:22:31.562 [Test worker] DEBUG net.thucydides.core.util.PropertiesFileLocalPreferences - webdriver.timeouts.implicitlywait=25000
13:22:31.562 [Test worker] DEBUG net.thucydides.core.util.PropertiesFileLocalPreferences - serenity.take.screenshots=FOR_EACH_ACTION
13:22:31.562 [Test worker] DEBUG net.thucydides.core.util.PropertiesFileLocalPreferences - serenity.browser.maximized=true
13:22:31.562 [Test worker] DEBUG net.thucydides.core.util.PropertiesFileLocalPreferences - firefox.capability.marionette=true
13:22:31.568 [Test worker] INFO net.thucydides.core.steps.ConsoleLoggingListener - ?[96m

-------------------------------------------------------------------------------------
     _______. _______ .______       _______ .__   __.  __  .___________.____    ____ 
    /       ||   ____||   _  \     |   ____||  \ |  | |  | |           |\   \  /   / 
   |   (----`|  |__   |  |_)  |    |  |__   |   \|  | |  | `---|  |----` \   \/   /  
    \   \    |   __|  |      /     |   __|  |  . `  | |  |     |  |       \_    _/   
.----)   |   |  |____ |  |\  \----.|  |____ |  |\   | |  |     |  |         |  |     
|_______/    |_______|| _| `._____||_______||__| \__| |__|     |__|         |__|    
                                                                                     
 News and tutorials at http://www.serenity-bdd.info                                  
 Documentation at https://wakaleo.gitbooks.io/the-serenity-book/content/             
 Join the Serenity Community on Rocket Chat at https://serenity-bdd.rocket.chat      
 Serenity BDD Support and Training at http://serenity-bdd.info/#/trainingandsupport  
 Learn Serenity BDD online at http://serenity-dojo.com                               
-------------------------------------------------------------------------------------
?[0m
13:22:31.571 [Test worker] DEBUG net.thucydides.core.steps.StepEventBus - Test suite started for story net.thucydides.core.model.Story@6fe68030
13:22:31.572 [Test worker] INFO net.thucydides.core.steps.ConsoleLoggingListener - Test Suite Started: Sanity limpieza y aprovisionamiento de recursos
13:22:31.621 [Test worker] INFO net.thucydides.core.steps.ConsoleLoggingListener - 
 _____ _____ ____ _____   ____ _____  _    ____ _____ _____ ____  
|_   _| ____/ ___|_   _| / ___|_   _|/ \  |  _ \_   _| ____|  _ \ 
  | | |  _| \___ \ | |   \___ \ | | / _ \ | |_) || | |  _| | | | |
  | | | |___ ___) || |    ___) || |/ ___ \|  _ < | | | |___| |_| |
  |_| |_____|____/ |_|   |____/ |_/_/   \_\_| \_\|_| |_____|____/ 
                                                                  

TEST STARTED: se quiere ingresar a la plataforma epos
-------------------------------------------------------------------(sanity-limpieza-y-aprovisionamiento-de-recursos;se-quiere-ingresar-a-la-plataforma-epos)
13:22:31.683 [Test worker] DEBUG net.thucydides.core.requirements.model.cucumber.CucumberParser - Found no Cucumber 4.2.6 class cucumber.runtime.model.FeatureLoader try Cucumber 4.2.0 
13:22:31.683 [Test worker] DEBUG net.thucydides.core.requirements.model.cucumber.CucumberParser - Found no Cucumber 4.2.0 class cucumber.runtime.model.FeatureLoader try Cucumber 2.x.x 
13:23:37.590 [Test worker] INFO net.thucydides.core.steps.ConsoleLoggingListener - 
 _____ _____ ____ _____   ____ _____  _    ____ _____ _____ ____  
|_   _| ____/ ___|_   _| / ___|_   _|/ \  |  _ \_   _| ____|  _ \ 
  | | |  _| \___ \ | |   \___ \ | | / _ \ | |_) || | |  _| | | | |
  | | | |___ ___) || |    ___) || |/ ___ \|  _ < | | | |___| |_| |
  |_| |_____|____/ |_|   |____/ |_/_/   \_\_| \_\|_| |_____|____/ 
                                                                  

TEST STARTED: realizar el cargue de inventario
-------------------------------------------------------------------(sanity-limpieza-y-aprovisionamiento-de-recursos;realizar-el-cargue-de-inventario)
13:24:28.859 [Test worker] INFO net.thucydides.core.steps.ConsoleLoggingListener - 
 _____ _____ ____ _____   ____ _____  _    ____ _____ _____ ____  
|_   _| ____/ ___|_   _| / ___|_   _|/ \  |  _ \_   _| ____|  _ \ 
  | | |  _| \___ \ | |   \___ \ | | / _ \ | |_) || | |  _| | | | |
  | | | |___ ___) || |    ___) || |/ ___ \|  _ < | | | |___| |_| |
  |_| |_____|____/ |_|   |____/ |_/_/   \_\_| \_\|_| |_____|____/ 
                                                                  

TEST STARTED: realizar la confirmacion de inventario
-------------------------------------------------------------------(sanity-limpieza-y-aprovisionamiento-de-recursos;realizar-la-confirmacion-de-inventario)
13:24:50.131 [Test worker] INFO net.thucydides.core.steps.ConsoleLoggingListener - 
 _____ _____ ____ _____   ____ _____  _    ____ _____ _____ ____  
|_   _| ____/ ___|_   _| / ___|_   _|/ \  |  _ \_   _| ____|  _ \ 
  | | |  _| \___ \ | |   \___ \ | | / _ \ | |_) || | |  _| | | | |
  | | | |___ ___) || |    ___) || |/ ___ \|  _ < | | | |___| |_| |
  |_| |_____|____/ |_|   |____/ |_/_/   \_\_| \_\|_| |_____|____/ 
                                                                  

TEST STARTED: se requiere realizar una activacion de una linea en prepago
-------------------------------------------------------------------(sanity-limpieza-y-aprovisionamiento-de-recursos;se-requiere-realizar-una-activacion-de-una-linea-en-prepago)
13:25:59.122 [Test worker] INFO net.thucydides.core.steps.ConsoleLoggingListener - 
 _____ _____ ____ _____   ____ _____  _    ____ _____ _____ ____  
|_   _| ____/ ___|_   _| / ___|_   _|/ \  |  _ \_   _| ____|  _ \ 
  | | |  _| \___ \ | |   \___ \ | | / _ \ | |_) || | |  _| | | | |
  | | | |___ ___) || |    ___) || |/ ___ \|  _ < | | | |___| |_| |
  |_| |_____|____/ |_|   |____/ |_/_/   \_\_| \_\|_| |_____|____/ 
                                                                  

TEST STARTED: se requiere realizar una activacion de una linea en control nintendo
-------------------------------------------------------------------(sanity-limpieza-y-aprovisionamiento-de-recursos;se-requiere-realizar-una-activacion-de-una-linea-en-control-nintendo)
13:27:31.275 [Test worker] INFO net.thucydides.core.steps.ConsoleLoggingListener - 
 _____ _____ ____ _____   ____ _____  _    ____ _____ _____ ____  
|_   _| ____/ ___|_   _| / ___|_   _|/ \  |  _ \_   _| ____|  _ \ 
  | | |  _| \___ \ | |   \___ \ | | / _ \ | |_) || | |  _| | | | |
  | | | |___ ___) || |    ___) || |/ ___ \|  _ < | | | |___| |_| |
  |_| |_____|____/ |_|   |____/ |_/_/   \_\_| \_\|_| |_____|____/ 
                                                                  

TEST STARTED: se requiere realizar cambio de linea de Pre a Pos
-------------------------------------------------------------------(sanity-limpieza-y-aprovisionamiento-de-recursos;se-requiere-realizar-cambio-de-linea-de-pre-a-pos)
13:28:30.759 [Test worker] INFO net.thucydides.core.steps.ConsoleLoggingListener - 
 _____ _____ ____ _____   ____ _____  _    ____ _____ _____ ____  
|_   _| ____/ ___|_   _| / ___|_   _|/ \  |  _ \_   _| ____|  _ \ 
  | | |  _| \___ \ | |   \___ \ | | / _ \ | |_) || | |  _| | | | |
  | | | |___ ___) || |    ___) || |/ ___ \|  _ < | | | |___| |_| |
  |_| |_____|____/ |_|   |____/ |_/_/   \_\_| \_\|_| |_____|____/ 
                                                                  

TEST STARTED: se requiere realizar cambio de linea de Pos a Pre
-------------------------------------------------------------------(sanity-limpieza-y-aprovisionamiento-de-recursos;se-requiere-realizar-cambio-de-linea-de-pos-a-pre)
13:30:22.936 [Test worker] INFO net.thucydides.core.steps.ConsoleLoggingListener - 
 _____ _____ ____ _____   ____ _____  _    ____ _____ _____ ____  
|_   _| ____/ ___|_   _| / ___|_   _|/ \  |  _ \_   _| ____|  _ \ 
  | | |  _| \___ \ | |   \___ \ | | / _ \ | |_) || | |  _| | | | |
  | | | |___ ___) || |    ___) || |/ ___ \|  _ < | | | |___| |_| |
  |_| |_____|____/ |_|   |____/ |_/_/   \_\_| \_\|_| |_____|____/ 
                                                                  

TEST STARTED: se requiere realizar una activacion de una linea en control avenger
-------------------------------------------------------------------(sanity-limpieza-y-aprovisionamiento-de-recursos;se-requiere-realizar-una-activacion-de-una-linea-en-control-avenger)
13:31:49.794 [Test worker] INFO net.thucydides.core.steps.ConsoleLoggingListener - 
 _____ _____ ____ _____   ____ _____  _    ____ _____ _____ ____  
|_   _| ____/ ___|_   _| / ___|_   _|/ \  |  _ \_   _| ____|  _ \ 
  | | |  _| \___ \ | |   \___ \ | | / _ \ | |_) || | |  _| | | | |
  | | | |___ ___) || |    ___) || |/ ___ \|  _ < | | | |___| |_| |
  |_| |_____|____/ |_|   |____/ |_/_/   \_\_| \_\|_| |_____|____/ 
                                                                  

TEST STARTED: se requiere realizar un cambio de plan pos a pre
-------------------------------------------------------------------(sanity-limpieza-y-aprovisionamiento-de-recursos;se-requiere-realizar-un-cambio-de-plan-pos-a-pre)
13:32:38.379 [Test worker] INFO net.thucydides.core.steps.ConsoleLoggingListener - 
 _____ _____ ____ _____   ____ _____  _    ____ _____ _____ ____  
|_   _| ____/ ___|_   _| / ___|_   _|/ \  |  _ \_   _| ____|  _ \ 
  | | |  _| \___ \ | |   \___ \ | | / _ \ | |_) || | |  _| | | | |
  | | | |___ ___) || |    ___) || |/ ___ \|  _ < | | | |___| |_| |
  |_| |_____|____/ |_|   |____/ |_/_/   \_\_| \_\|_| |_____|____/ 
                                                                  

TEST STARTED: se requiere realizar un cambio de plan pre a pos
-------------------------------------------------------------------(sanity-limpieza-y-aprovisionamiento-de-recursos;se-requiere-realizar-un-cambio-de-plan-pre-a-pos)
13:33:59.371 [Test worker] INFO net.thucydides.core.steps.ConsoleLoggingListener - 
 _____ _____ ____ _____   ____ _____  _    ____ _____ _____ ____  
|_   _| ____/ ___|_   _| / ___|_   _|/ \  |  _ \_   _| ____|  _ \ 
  | | |  _| \___ \ | |   \___ \ | | / _ \ | |_) || | |  _| | | | |
  | | | |___ ___) || |    ___) || |/ ___ \|  _ < | | | |___| |_| |
  |_| |_____|____/ |_|   |____/ |_/_/   \_\_| \_\|_| |_____|____/ 
                                                                  

TEST STARTED: se requiere realizar la suspension de una linea
-------------------------------------------------------------------(sanity-limpieza-y-aprovisionamiento-de-recursos;se-requiere-realizar-la-suspension-de-una-linea)
13:35:18.923 [Test worker] INFO net.thucydides.core.steps.ConsoleLoggingListener - 
 _____ _____ ____ _____   ____ _____  _    ____ _____ _____ ____  
|_   _| ____/ ___|_   _| / ___|_   _|/ \  |  _ \_   _| ____|  _ \ 
  | | |  _| \___ \ | |   \___ \ | | / _ \ | |_) || | |  _| | | | |
  | | | |___ ___) || |    ___) || |/ ___ \|  _ < | | | |___| |_| |
  |_| |_____|____/ |_|   |____/ |_/_/   \_\_| \_\|_| |_____|____/ 
                                                                  

TEST STARTED: se requiere realizar la reconexion de una linea
-------------------------------------------------------------------(sanity-limpieza-y-aprovisionamiento-de-recursos;se-requiere-realizar-la-reconexion-de-una-linea)
13:36:06.593 [Test worker] INFO net.thucydides.core.steps.ConsoleLoggingListener - 
 _____ _____ ____ _____   ____ _____  _    ____ _____ _____ ____  
|_   _| ____/ ___|_   _| / ___|_   _|/ \  |  _ \_   _| ____|  _ \ 
  | | |  _| \___ \ | |   \___ \ | | / _ \ | |_) || | |  _| | | | |
  | | | |___ ___) || |    ___) || |/ ___ \|  _ < | | | |___| |_| |
  |_| |_____|____/ |_|   |____/ |_/_/   \_\_| \_\|_| |_____|____/ 
                                                                  

TEST STARTED: se requiere realizar una portabilidad pospago
-------------------------------------------------------------------(sanity-limpieza-y-aprovisionamiento-de-recursos;se-requiere-realizar-una-portabilidad-pospago)
13:37:17.353 [Test worker] INFO net.thucydides.core.steps.ConsoleLoggingListener - 
 _____ _____ ____ _____   ____ _____  _    ____ _____ _____ ____  
|_   _| ____/ ___|_   _| / ___|_   _|/ \  |  _ \_   _| ____|  _ \ 
  | | |  _| \___ \ | |   \___ \ | | / _ \ | |_) || | |  _| | | | |
  | | | |___ ___) || |    ___) || |/ ___ \|  _ < | | | |___| |_| |
  |_| |_____|____/ |_|   |____/ |_/_/   \_\_| \_\|_| |_____|____/ 
                                                                  

TEST STARTED: se requiere realizar la reconexion de una linea
-------------------------------------------------------------------(sanity-limpieza-y-aprovisionamiento-de-recursos;se-requiere-realizar-la-reconexion-de-una-linea)
13:38:25.508 [Test worker] DEBUG net.thucydides.core.reports.ReportService - Reporting formats: [JSON, HTML]
13:38:25.565 [Test worker] DEBUG net.thucydides.core.reports.ReportService - Reporting formats: [JSON, HTML]
13:38:25.570 [Test worker] DEBUG net.thucydides.core.reports.ReportService - Generating reports for 14 test outcomes using: net.thucydides.core.reports.json.JSONTestOutcomeReporter@4e63308f
13:38:25.572 [pool-1-thread-1] DEBUG net.thucydides.core.reports.ReportService - Processing test outcome Sanity limpieza y aprovisionamiento de recursos:se quiere ingresar a la plataforma epos
13:38:25.572 [pool-1-thread-1] DEBUG net.thucydides.core.reports.ReportService - net.thucydides.core.reports.json.JSONTestOutcomeReporter@4e63308f: Generating report for test outcome: Sanity limpieza y aprovisionamiento de recursos:se quiere ingresar a la plataforma epos
13:38:25.573 [pool-1-thread-2] DEBUG net.thucydides.core.reports.ReportService - Processing test outcome Sanity limpieza y aprovisionamiento de recursos:realizar el cargue de inventario
13:38:25.573 [pool-1-thread-2] DEBUG net.thucydides.core.reports.ReportService - net.thucydides.core.reports.json.JSONTestOutcomeReporter@4e63308f: Generating report for test outcome: Sanity limpieza y aprovisionamiento de recursos:realizar el cargue de inventario
13:38:25.573 [pool-1-thread-3] DEBUG net.thucydides.core.reports.ReportService - Processing test outcome Sanity limpieza y aprovisionamiento de recursos:realizar la confirmacion de inventario
13:38:25.573 [pool-1-thread-3] DEBUG net.thucydides.core.reports.ReportService - net.thucydides.core.reports.json.JSONTestOutcomeReporter@4e63308f: Generating report for test outcome: Sanity limpieza y aprovisionamiento de recursos:realizar la confirmacion de inventario
13:38:25.573 [pool-1-thread-4] DEBUG net.thucydides.core.reports.ReportService - Processing test outcome Sanity limpieza y aprovisionamiento de recursos:se requiere realizar una activacion de una linea en prepago
13:38:25.574 [pool-1-thread-4] DEBUG net.thucydides.core.reports.ReportService - net.thucydides.core.reports.json.JSONTestOutcomeReporter@4e63308f: Generating report for test outcome: Sanity limpieza y aprovisionamiento de recursos:se requiere realizar una activacion de una linea en prepago
13:38:25.574 [pool-1-thread-5] DEBUG net.thucydides.core.reports.ReportService - Processing test outcome Sanity limpieza y aprovisionamiento de recursos:se requiere realizar una activacion de una linea en control nintendo
13:38:25.575 [pool-1-thread-5] DEBUG net.thucydides.core.reports.ReportService - net.thucydides.core.reports.json.JSONTestOutcomeReporter@4e63308f: Generating report for test outcome: Sanity limpieza y aprovisionamiento de recursos:se requiere realizar una activacion de una linea en control nintendo
13:38:25.576 [pool-1-thread-6] DEBUG net.thucydides.core.reports.ReportService - Processing test outcome Sanity limpieza y aprovisionamiento de recursos:se requiere realizar cambio de linea de Pre a Pos
13:38:25.576 [pool-1-thread-6] DEBUG net.thucydides.core.reports.ReportService - net.thucydides.core.reports.json.JSONTestOutcomeReporter@4e63308f: Generating report for test outcome: Sanity limpieza y aprovisionamiento de recursos:se requiere realizar cambio de linea de Pre a Pos
13:38:25.577 [pool-1-thread-7] DEBUG net.thucydides.core.reports.ReportService - Processing test outcome Sanity limpieza y aprovisionamiento de recursos:se requiere realizar cambio de linea de Pos a Pre
13:38:25.577 [pool-1-thread-7] DEBUG net.thucydides.core.reports.ReportService - net.thucydides.core.reports.json.JSONTestOutcomeReporter@4e63308f: Generating report for test outcome: Sanity limpieza y aprovisionamiento de recursos:se requiere realizar cambio de linea de Pos a Pre
13:38:25.577 [pool-1-thread-8] DEBUG net.thucydides.core.reports.ReportService - Processing test outcome Sanity limpieza y aprovisionamiento de recursos:se requiere realizar una activacion de una linea en control avenger
13:38:25.577 [pool-1-thread-8] DEBUG net.thucydides.core.reports.ReportService - net.thucydides.core.reports.json.JSONTestOutcomeReporter@4e63308f: Generating report for test outcome: Sanity limpieza y aprovisionamiento de recursos:se requiere realizar una activacion de una linea en control avenger
13:38:25.578 [pool-1-thread-6] DEBUG net.thucydides.core.reports.json.JSONTestOutcomeReporter - Generating JSON report for se requiere realizar cambio de linea de Pre a Pos to file C:\Users\nriosa\Desktop\SanitySemillas\SanitySemilla8\target\site\serenity\b86f262cb4a10a344da39382471d5db85e0b637e004bec471fad829af8aa9234.json (using temp file C:\Users\nriosa\Desktop\SanitySemillas\SanitySemilla8\target\site\serenity\b86f262cb4a10a344da39382471d5db85e0b637e004bec471fad829af8aa9234.json280f75e0-a190-4cb3-ba5e-951aed22fffb)
13:38:25.578 [pool-1-thread-8] DEBUG net.thucydides.core.reports.json.JSONTestOutcomeReporter - Generating JSON report for se requiere realizar una activacion de una linea en control avenger to file C:\Users\nriosa\Desktop\SanitySemillas\SanitySemilla8\target\site\serenity\2bceb1466a00c2e528ad43eb85ece5e6233c5c4ae7255d80e9d2695b111b5bd5.json (using temp file C:\Users\nriosa\Desktop\SanitySemillas\SanitySemilla8\target\site\serenity\2bceb1466a00c2e528ad43eb85ece5e6233c5c4ae7255d80e9d2695b111b5bd5.jsonb76f8b90-a05c-42a9-8ec0-ec7a10c4079e)
13:38:25.578 [pool-1-thread-4] DEBUG net.thucydides.core.reports.json.JSONTestOutcomeReporter - Generating JSON report for se requiere realizar una activacion de una linea en prepago to file C:\Users\nriosa\Desktop\SanitySemillas\SanitySemilla8\target\site\serenity\b24b1018ee3dd999113e548415feb5453867a0c876cf6d48e9e407bfaf58972b.json (using temp file C:\Users\nriosa\Desktop\SanitySemillas\SanitySemilla8\target\site\serenity\b24b1018ee3dd999113e548415feb5453867a0c876cf6d48e9e407bfaf58972b.json2902d612-1f51-465a-90c1-0d6c4d28ca4f)
13:38:25.579 [pool-1-thread-7] DEBUG net.thucydides.core.reports.json.JSONTestOutcomeReporter - Generating JSON report for se requiere realizar cambio de linea de Pos a Pre to file C:\Users\nriosa\Desktop\SanitySemillas\SanitySemilla8\target\site\serenity\28304be658e10ce0ab49a162aed274577fd35349c886f4aeb2ee4485f2a87045.json (using temp file C:\Users\nriosa\Desktop\SanitySemillas\SanitySemilla8\target\site\serenity\28304be658e10ce0ab49a162aed274577fd35349c886f4aeb2ee4485f2a87045.json61825a2f-6c3e-4e51-a902-36cbb998e8d2)
13:38:25.579 [pool-1-thread-5] DEBUG net.thucydides.core.reports.json.JSONTestOutcomeReporter - Generating JSON report for se requiere realizar una activacion de una linea en control nintendo to file C:\Users\nriosa\Desktop\SanitySemillas\SanitySemilla8\target\site\serenity\122b112c3f6e46d036b31771680fa2241283c374264f7dcbe33344197c5a5bf7.json (using temp file C:\Users\nriosa\Desktop\SanitySemillas\SanitySemilla8\target\site\serenity\122b112c3f6e46d036b31771680fa2241283c374264f7dcbe33344197c5a5bf7.json0f377172-2ba6-4d2d-acf7-3e9723507cd2)
13:38:25.579 [pool-1-thread-3] DEBUG net.thucydides.core.reports.json.JSONTestOutcomeReporter - Generating JSON report for realizar la confirmacion de inventario to file C:\Users\nriosa\Desktop\SanitySemillas\SanitySemilla8\target\site\serenity\8a91845db0a22eb470d492c234c97b8c9dde222ac0d23603d3947e29bb7d10a1.json (using temp file C:\Users\nriosa\Desktop\SanitySemillas\SanitySemilla8\target\site\serenity\8a91845db0a22eb470d492c234c97b8c9dde222ac0d23603d3947e29bb7d10a1.json4d46b538-bac6-4aaf-84e5-c711720f0dd8)
13:38:25.579 [pool-1-thread-1] DEBUG net.thucydides.core.reports.json.JSONTestOutcomeReporter - Generating JSON report for se quiere ingresar a la plataforma epos to file C:\Users\nriosa\Desktop\SanitySemillas\SanitySemilla8\target\site\serenity\dd8d8ded9644b52fbc86dae313c60166d8b4c2b2da549354520470c10795b41b.json (using temp file C:\Users\nriosa\Desktop\SanitySemillas\SanitySemilla8\target\site\serenity\dd8d8ded9644b52fbc86dae313c60166d8b4c2b2da549354520470c10795b41b.json75e8aa55-cc72-466c-87ae-cff939b29355)
13:38:25.580 [pool-1-thread-2] DEBUG net.thucydides.core.reports.json.JSONTestOutcomeReporter - Generating JSON report for realizar el cargue de inventario to file C:\Users\nriosa\Desktop\SanitySemillas\SanitySemilla8\target\site\serenity\c2816aaf72665fe39c1c583ab7f5162d39901ba6984fcbfd421cfd8e526280ac.json (using temp file C:\Users\nriosa\Desktop\SanitySemillas\SanitySemilla8\target\site\serenity\c2816aaf72665fe39c1c583ab7f5162d39901ba6984fcbfd421cfd8e526280ac.json6a73398e-7195-40f7-b663-12c298f06045)
13:38:25.648 [pool-1-thread-6] DEBUG net.thucydides.core.reports.ReportService - Processing test outcome Sanity limpieza y aprovisionamiento de recursos:se requiere realizar cambio de linea de Pre a Pos done
13:38:25.648 [pool-1-thread-6] DEBUG net.thucydides.core.reports.ReportService - Processing test outcome Sanity limpieza y aprovisionamiento de recursos:se requiere realizar un cambio de plan pos a pre
13:38:25.648 [pool-1-thread-6] DEBUG net.thucydides.core.reports.ReportService - net.thucydides.core.reports.json.JSONTestOutcomeReporter@4e63308f: Generating report for test outcome: Sanity limpieza y aprovisionamiento de recursos:se requiere realizar un cambio de plan pos a pre
13:38:25.648 [pool-1-thread-7] DEBUG net.thucydides.core.reports.ReportService - Processing test outcome Sanity limpieza y aprovisionamiento de recursos:se requiere realizar cambio de linea de Pos a Pre done
13:38:25.648 [pool-1-thread-7] DEBUG net.thucydides.core.reports.ReportService - Processing test outcome Sanity limpieza y aprovisionamiento de recursos:se requiere realizar un cambio de plan pre a pos
13:38:25.648 [pool-1-thread-7] DEBUG net.thucydides.core.reports.ReportService - net.thucydides.core.reports.json.JSONTestOutcomeReporter@4e63308f: Generating report for test outcome: Sanity limpieza y aprovisionamiento de recursos:se requiere realizar un cambio de plan pre a pos
13:38:25.649 [pool-1-thread-6] DEBUG net.thucydides.core.reports.json.JSONTestOutcomeReporter - Generating JSON report for se requiere realizar un cambio de plan pos a pre to file C:\Users\nriosa\Desktop\SanitySemillas\SanitySemilla8\target\site\serenity\75d23638e36d2517281c24cbda9c61c0b3899ce81f2f92227e60db5385471dca.json (using temp file C:\Users\nriosa\Desktop\SanitySemillas\SanitySemilla8\target\site\serenity\75d23638e36d2517281c24cbda9c61c0b3899ce81f2f92227e60db5385471dca.json2fa82651-4843-4350-ae4b-a225602e1751)
13:38:25.652 [pool-1-thread-3] DEBUG net.thucydides.core.reports.ReportService - Processing test outcome Sanity limpieza y aprovisionamiento de recursos:realizar la confirmacion de inventario done
13:38:25.652 [pool-1-thread-3] DEBUG net.thucydides.core.reports.ReportService - Processing test outcome Sanity limpieza y aprovisionamiento de recursos:se requiere realizar la suspension de una linea
13:38:25.652 [pool-1-thread-3] DEBUG net.thucydides.core.reports.ReportService - net.thucydides.core.reports.json.JSONTestOutcomeReporter@4e63308f: Generating report for test outcome: Sanity limpieza y aprovisionamiento de recursos:se requiere realizar la suspension de una linea
13:38:25.654 [pool-1-thread-3] DEBUG net.thucydides.core.reports.json.JSONTestOutcomeReporter - Generating JSON report for se requiere realizar la suspension de una linea to file C:\Users\nriosa\Desktop\SanitySemillas\SanitySemilla8\target\site\serenity\fa9badf297f410ee57fada909c6c8e16bc3caf3cdb4686d8a063be152a2ac18e.json (using temp file C:\Users\nriosa\Desktop\SanitySemillas\SanitySemilla8\target\site\serenity\fa9badf297f410ee57fada909c6c8e16bc3caf3cdb4686d8a063be152a2ac18e.jsone9378637-8309-4ae7-902b-56e12fe8f29c)
13:38:25.655 [pool-1-thread-7] DEBUG net.thucydides.core.reports.json.JSONTestOutcomeReporter - Generating JSON report for se requiere realizar un cambio de plan pre a pos to file C:\Users\nriosa\Desktop\SanitySemillas\SanitySemilla8\target\site\serenity\4149c2c17bdaec18148489b34ed0eb7060cf09c5691e3abcdeb0b844f925858c.json (using temp file C:\Users\nriosa\Desktop\SanitySemillas\SanitySemilla8\target\site\serenity\4149c2c17bdaec18148489b34ed0eb7060cf09c5691e3abcdeb0b844f925858c.json673e846b-e40c-40b2-9c77-d19e9da1268d)
13:38:25.659 [pool-1-thread-4] DEBUG net.thucydides.core.reports.ReportService - Processing test outcome Sanity limpieza y aprovisionamiento de recursos:se requiere realizar una activacion de una linea en prepago done
13:38:25.659 [pool-1-thread-4] DEBUG net.thucydides.core.reports.ReportService - Processing test outcome Sanity limpieza y aprovisionamiento de recursos:se requiere realizar la reconexion de una linea
13:38:25.659 [pool-1-thread-4] DEBUG net.thucydides.core.reports.ReportService - net.thucydides.core.reports.json.JSONTestOutcomeReporter@4e63308f: Generating report for test outcome: Sanity limpieza y aprovisionamiento de recursos:se requiere realizar la reconexion de una linea
13:38:25.660 [pool-1-thread-1] DEBUG net.thucydides.core.reports.ReportService - Processing test outcome Sanity limpieza y aprovisionamiento de recursos:se quiere ingresar a la plataforma epos done
13:38:25.661 [pool-1-thread-1] DEBUG net.thucydides.core.reports.ReportService - Processing test outcome Sanity limpieza y aprovisionamiento de recursos:se requiere realizar una portabilidad pospago
13:38:25.661 [pool-1-thread-1] DEBUG net.thucydides.core.reports.ReportService - net.thucydides.core.reports.json.JSONTestOutcomeReporter@4e63308f: Generating report for test outcome: Sanity limpieza y aprovisionamiento de recursos:se requiere realizar una portabilidad pospago
13:38:25.664 [pool-1-thread-8] DEBUG net.thucydides.core.reports.ReportService - Processing test outcome Sanity limpieza y aprovisionamiento de recursos:se requiere realizar una activacion de una linea en control avenger done
13:38:25.664 [pool-1-thread-8] DEBUG net.thucydides.core.reports.ReportService - Processing test outcome Sanity limpieza y aprovisionamiento de recursos:se requiere realizar la reconexion de una linea
13:38:25.664 [pool-1-thread-8] DEBUG net.thucydides.core.reports.ReportService - net.thucydides.core.reports.json.JSONTestOutcomeReporter@4e63308f: Generating report for test outcome: Sanity limpieza y aprovisionamiento de recursos:se requiere realizar la reconexion de una linea
13:38:25.665 [pool-1-thread-4] DEBUG net.thucydides.core.reports.json.JSONTestOutcomeReporter - Generating JSON report for se requiere realizar la reconexion de una linea to file C:\Users\nriosa\Desktop\SanitySemillas\SanitySemilla8\target\site\serenity\e1319ca13b6f72ccedf89dff7c8356388d02ec90561567f1eff7f8fa69a4a043.json (using temp file C:\Users\nriosa\Desktop\SanitySemillas\SanitySemilla8\target\site\serenity\e1319ca13b6f72ccedf89dff7c8356388d02ec90561567f1eff7f8fa69a4a043.jsona64acc69-9460-483d-9bc1-3bc3b481a78e)
13:38:25.666 [pool-1-thread-1] DEBUG net.thucydides.core.reports.json.JSONTestOutcomeReporter - Generating JSON report for se requiere realizar una portabilidad pospago to file C:\Users\nriosa\Desktop\SanitySemillas\SanitySemilla8\target\site\serenity\3f07770ab86ddb50508e4dd4bff030f3bc25a821753222fc3dc0e1f0cf1b7797.json (using temp file C:\Users\nriosa\Desktop\SanitySemillas\SanitySemilla8\target\site\serenity\3f07770ab86ddb50508e4dd4bff030f3bc25a821753222fc3dc0e1f0cf1b7797.json855767b2-1747-4920-85e9-a1ab90884db9)
13:38:25.667 [pool-1-thread-2] DEBUG net.thucydides.core.reports.ReportService - Processing test outcome Sanity limpieza y aprovisionamiento de recursos:realizar el cargue de inventario done
13:38:25.669 [pool-1-thread-8] DEBUG net.thucydides.core.reports.json.JSONTestOutcomeReporter - Generating JSON report for se requiere realizar la reconexion de una linea to file C:\Users\nriosa\Desktop\SanitySemillas\SanitySemilla8\target\site\serenity\e1319ca13b6f72ccedf89dff7c8356388d02ec90561567f1eff7f8fa69a4a043.json (using temp file C:\Users\nriosa\Desktop\SanitySemillas\SanitySemilla8\target\site\serenity\e1319ca13b6f72ccedf89dff7c8356388d02ec90561567f1eff7f8fa69a4a043.json46f60c07-c040-40b7-9120-3ee09339b9c4)
13:38:25.675 [pool-1-thread-3] DEBUG net.thucydides.core.reports.ReportService - Processing test outcome Sanity limpieza y aprovisionamiento de recursos:se requiere realizar la suspension de una linea done
13:38:25.680 [pool-1-thread-7] DEBUG net.thucydides.core.reports.ReportService - Processing test outcome Sanity limpieza y aprovisionamiento de recursos:se requiere realizar un cambio de plan pre a pos done
13:38:25.680 [pool-1-thread-5] DEBUG net.thucydides.core.reports.ReportService - Processing test outcome Sanity limpieza y aprovisionamiento de recursos:se requiere realizar una activacion de una linea en control nintendo done
13:38:25.685 [pool-1-thread-6] DEBUG net.thucydides.core.reports.ReportService - Processing test outcome Sanity limpieza y aprovisionamiento de recursos:se requiere realizar un cambio de plan pos a pre done
13:38:25.691 [pool-1-thread-4] DEBUG net.thucydides.core.reports.ReportService - Processing test outcome Sanity limpieza y aprovisionamiento de recursos:se requiere realizar la reconexion de una linea done
13:38:25.692 [pool-1-thread-1] DEBUG net.thucydides.core.reports.ReportService - Processing test outcome Sanity limpieza y aprovisionamiento de recursos:se requiere realizar una portabilidad pospago done
13:38:25.693 [pool-1-thread-8] DEBUG net.thucydides.core.reports.ReportService - Processing test outcome Sanity limpieza y aprovisionamiento de recursos:se requiere realizar la reconexion de una linea done
13:38:25.693 [Test worker] DEBUG net.thucydides.core.reports.ReportService - Shutting down executor service
13:38:25.693 [Test worker] DEBUG net.thucydides.core.reports.ReportService - Reports generated in: 123 ms
13:38:25.693 [Test worker] DEBUG net.thucydides.core.reports.ReportService - Generating reports for 14 test outcomes using: net.thucydides.core.reports.html.HtmlAcceptanceTestReporter@7576d458
13:38:25.694 [pool-2-thread-1] DEBUG net.thucydides.core.reports.ReportService - Processing test outcome Sanity limpieza y aprovisionamiento de recursos:se quiere ingresar a la plataforma epos
13:38:25.695 [pool-2-thread-1] DEBUG net.thucydides.core.reports.ReportService - net.thucydides.core.reports.html.HtmlAcceptanceTestReporter@7576d458: Generating report for test outcome: Sanity limpieza y aprovisionamiento de recursos:se quiere ingresar a la plataforma epos
13:38:25.695 [pool-2-thread-1] DEBUG net.thucydides.core.reports.html.HtmlAcceptanceTestReporter - GENERATE TEST OUTCOME REPORT FOR se quiere ingresar a la plataforma epos in dd8d8ded9644b52fbc86dae313c60166d8b4c2b2da549354520470c10795b41b
13:38:25.695 [pool-2-thread-2] DEBUG net.thucydides.core.reports.ReportService - Processing test outcome Sanity limpieza y aprovisionamiento de recursos:realizar el cargue de inventario
13:38:25.695 [pool-2-thread-2] DEBUG net.thucydides.core.reports.ReportService - net.thucydides.core.reports.html.HtmlAcceptanceTestReporter@7576d458: Generating report for test outcome: Sanity limpieza y aprovisionamiento de recursos:realizar el cargue de inventario
13:38:25.696 [pool-2-thread-3] DEBUG net.thucydides.core.reports.ReportService - Processing test outcome Sanity limpieza y aprovisionamiento de recursos:realizar la confirmacion de inventario
13:38:25.697 [pool-2-thread-3] DEBUG net.thucydides.core.reports.ReportService - net.thucydides.core.reports.html.HtmlAcceptanceTestReporter@7576d458: Generating report for test outcome: Sanity limpieza y aprovisionamiento de recursos:realizar la confirmacion de inventario
13:38:25.696 [pool-2-thread-2] DEBUG net.thucydides.core.reports.html.HtmlAcceptanceTestReporter - GENERATE TEST OUTCOME REPORT FOR realizar el cargue de inventario in c2816aaf72665fe39c1c583ab7f5162d39901ba6984fcbfd421cfd8e526280ac
13:38:25.697 [pool-2-thread-3] DEBUG net.thucydides.core.reports.html.HtmlAcceptanceTestReporter - GENERATE TEST OUTCOME REPORT FOR realizar la confirmacion de inventario in 8a91845db0a22eb470d492c234c97b8c9dde222ac0d23603d3947e29bb7d10a1
13:38:25.697 [pool-2-thread-5] DEBUG net.thucydides.core.reports.ReportService - Processing test outcome Sanity limpieza y aprovisionamiento de recursos:se requiere realizar una activacion de una linea en control nintendo
13:38:25.697 [pool-2-thread-5] DEBUG net.thucydides.core.reports.ReportService - net.thucydides.core.reports.html.HtmlAcceptanceTestReporter@7576d458: Generating report for test outcome: Sanity limpieza y aprovisionamiento de recursos:se requiere realizar una activacion de una linea en control nintendo
13:38:25.698 [pool-2-thread-5] DEBUG net.thucydides.core.reports.html.HtmlAcceptanceTestReporter - GENERATE TEST OUTCOME REPORT FOR se requiere realizar una activacion de una linea en control nintendo in 122b112c3f6e46d036b31771680fa2241283c374264f7dcbe33344197c5a5bf7
13:38:25.697 [pool-2-thread-4] DEBUG net.thucydides.core.reports.ReportService - Processing test outcome Sanity limpieza y aprovisionamiento de recursos:se requiere realizar una activacion de una linea en prepago
13:38:25.698 [pool-2-thread-4] DEBUG net.thucydides.core.reports.ReportService - net.thucydides.core.reports.html.HtmlAcceptanceTestReporter@7576d458: Generating report for test outcome: Sanity limpieza y aprovisionamiento de recursos:se requiere realizar una activacion de una linea en prepago
13:38:25.698 [pool-2-thread-4] DEBUG net.thucydides.core.reports.html.HtmlAcceptanceTestReporter - GENERATE TEST OUTCOME REPORT FOR se requiere realizar una activacion de una linea en prepago in b24b1018ee3dd999113e548415feb5453867a0c876cf6d48e9e407bfaf58972b
13:38:25.699 [pool-2-thread-8] DEBUG net.thucydides.core.reports.ReportService - Processing test outcome Sanity limpieza y aprovisionamiento de recursos:se requiere realizar una activacion de una linea en control avenger
13:38:25.700 [pool-2-thread-7] DEBUG net.thucydides.core.reports.ReportService - Processing test outcome Sanity limpieza y aprovisionamiento de recursos:se requiere realizar cambio de linea de Pos a Pre
13:38:25.700 [pool-2-thread-7] DEBUG net.thucydides.core.reports.ReportService - net.thucydides.core.reports.html.HtmlAcceptanceTestReporter@7576d458: Generating report for test outcome: Sanity limpieza y aprovisionamiento de recursos:se requiere realizar cambio de linea de Pos a Pre
13:38:25.700 [pool-2-thread-7] DEBUG net.thucydides.core.reports.html.HtmlAcceptanceTestReporter - GENERATE TEST OUTCOME REPORT FOR se requiere realizar cambio de linea de Pos a Pre in 28304be658e10ce0ab49a162aed274577fd35349c886f4aeb2ee4485f2a87045
13:38:25.699 [pool-2-thread-6] DEBUG net.thucydides.core.reports.ReportService - Processing test outcome Sanity limpieza y aprovisionamiento de recursos:se requiere realizar cambio de linea de Pre a Pos
13:38:25.700 [pool-2-thread-6] DEBUG net.thucydides.core.reports.ReportService - net.thucydides.core.reports.html.HtmlAcceptanceTestReporter@7576d458: Generating report for test outcome: Sanity limpieza y aprovisionamiento de recursos:se requiere realizar cambio de linea de Pre a Pos
13:38:25.700 [pool-2-thread-6] DEBUG net.thucydides.core.reports.html.HtmlAcceptanceTestReporter - GENERATE TEST OUTCOME REPORT FOR se requiere realizar cambio de linea de Pre a Pos in b86f262cb4a10a344da39382471d5db85e0b637e004bec471fad829af8aa9234
13:38:25.700 [pool-2-thread-8] DEBUG net.thucydides.core.reports.ReportService - net.thucydides.core.reports.html.HtmlAcceptanceTestReporter@7576d458: Generating report for test outcome: Sanity limpieza y aprovisionamiento de recursos:se requiere realizar una activacion de una linea en control avenger
13:38:25.701 [pool-2-thread-8] DEBUG net.thucydides.core.reports.html.HtmlAcceptanceTestReporter - GENERATE TEST OUTCOME REPORT FOR se requiere realizar una activacion de una linea en control avenger in 2bceb1466a00c2e528ad43eb85ece5e6233c5c4ae7255d80e9d2695b111b5bd5
13:38:25.737 [pool-2-thread-3] DEBUG net.thucydides.core.requirements.model.cucumber.CucumberParser - Found no Cucumber 4.2.6 class cucumber.runtime.model.FeatureLoader try Cucumber 4.2.0 
13:38:25.737 [pool-2-thread-3] DEBUG net.thucydides.core.requirements.model.cucumber.CucumberParser - Found no Cucumber 4.2.0 class cucumber.runtime.model.FeatureLoader try Cucumber 2.x.x 
13:38:25.737 [pool-2-thread-6] DEBUG net.thucydides.core.requirements.model.cucumber.CucumberParser - Found no Cucumber 4.2.6 class cucumber.runtime.model.FeatureLoader try Cucumber 4.2.0 
13:38:25.738 [pool-2-thread-7] DEBUG net.thucydides.core.requirements.model.cucumber.CucumberParser - Found no Cucumber 4.2.6 class cucumber.runtime.model.FeatureLoader try Cucumber 4.2.0 
13:38:25.738 [pool-2-thread-6] DEBUG net.thucydides.core.requirements.model.cucumber.CucumberParser - Found no Cucumber 4.2.0 class cucumber.runtime.model.FeatureLoader try Cucumber 2.x.x 
13:38:25.739 [pool-2-thread-7] DEBUG net.thucydides.core.requirements.model.cucumber.CucumberParser - Found no Cucumber 4.2.0 class cucumber.runtime.model.FeatureLoader try Cucumber 2.x.x 
13:38:25.741 [pool-2-thread-3] DEBUG net.thucydides.core.requirements.RequirementsTagProvider -  found:[Requirement{name='Sanity limpieza y aprovisionamiento de recursos', type='feature' parent = 'null', cardNumber='null'}]
13:38:25.741 [pool-2-thread-8] DEBUG net.thucydides.core.requirements.model.cucumber.CucumberParser - Found no Cucumber 4.2.6 class cucumber.runtime.model.FeatureLoader try Cucumber 4.2.0 
13:38:25.742 [pool-2-thread-8] DEBUG net.thucydides.core.requirements.model.cucumber.CucumberParser - Found no Cucumber 4.2.0 class cucumber.runtime.model.FeatureLoader try Cucumber 2.x.x 
13:38:25.742 [pool-2-thread-4] DEBUG net.thucydides.core.requirements.model.cucumber.CucumberParser - Found no Cucumber 4.2.6 class cucumber.runtime.model.FeatureLoader try Cucumber 4.2.0 
13:38:25.742 [pool-2-thread-4] DEBUG net.thucydides.core.requirements.model.cucumber.CucumberParser - Found no Cucumber 4.2.0 class cucumber.runtime.model.FeatureLoader try Cucumber 2.x.x 
13:38:25.743 [pool-2-thread-2] DEBUG net.thucydides.core.requirements.model.cucumber.CucumberParser - Found no Cucumber 4.2.6 class cucumber.runtime.model.FeatureLoader try Cucumber 4.2.0 
13:38:25.743 [pool-2-thread-2] DEBUG net.thucydides.core.requirements.model.cucumber.CucumberParser - Found no Cucumber 4.2.0 class cucumber.runtime.model.FeatureLoader try Cucumber 2.x.x 
13:38:25.745 [pool-2-thread-8] DEBUG net.thucydides.core.requirements.RequirementsTagProvider -  found:[Requirement{name='Sanity limpieza y aprovisionamiento de recursos', type='feature' parent = 'null', cardNumber='null'}]
13:38:25.747 [pool-2-thread-2] DEBUG net.thucydides.core.requirements.RequirementsTagProvider -  found:[Requirement{name='Sanity limpieza y aprovisionamiento de recursos', type='feature' parent = 'null', cardNumber='null'}]
13:38:25.748 [pool-2-thread-6] DEBUG net.thucydides.core.requirements.RequirementsTagProvider -  found:[Requirement{name='Sanity limpieza y aprovisionamiento de recursos', type='feature' parent = 'null', cardNumber='null'}]
13:38:25.748 [pool-2-thread-4] DEBUG net.thucydides.core.requirements.RequirementsTagProvider -  found:[Requirement{name='Sanity limpieza y aprovisionamiento de recursos', type='feature' parent = 'null', cardNumber='null'}]
13:38:25.748 [pool-2-thread-1] DEBUG net.thucydides.core.requirements.model.cucumber.CucumberParser - Found no Cucumber 4.2.6 class cucumber.runtime.model.FeatureLoader try Cucumber 4.2.0 
13:38:25.748 [pool-2-thread-1] DEBUG net.thucydides.core.requirements.model.cucumber.CucumberParser - Found no Cucumber 4.2.0 class cucumber.runtime.model.FeatureLoader try Cucumber 2.x.x 
13:38:25.750 [pool-2-thread-7] DEBUG net.thucydides.core.requirements.RequirementsTagProvider -  found:[Requirement{name='Sanity limpieza y aprovisionamiento de recursos', type='feature' parent = 'null', cardNumber='null'}]
13:38:25.750 [pool-2-thread-5] DEBUG net.thucydides.core.requirements.model.cucumber.CucumberParser - Found no Cucumber 4.2.6 class cucumber.runtime.model.FeatureLoader try Cucumber 4.2.0 
13:38:25.750 [pool-2-thread-5] DEBUG net.thucydides.core.requirements.model.cucumber.CucumberParser - Found no Cucumber 4.2.0 class cucumber.runtime.model.FeatureLoader try Cucumber 2.x.x 
13:38:25.751 [pool-2-thread-1] DEBUG net.thucydides.core.requirements.RequirementsTagProvider -  found:[Requirement{name='Sanity limpieza y aprovisionamiento de recursos', type='feature' parent = 'null', cardNumber='null'}]
13:38:25.755 [pool-2-thread-3] DEBUG net.thucydides.core.requirements.BaseRequirementsService - Requirement found for test outcome realizar la confirmacion de inventario-[]: Optional[Requirement{name='Sanity limpieza y aprovisionamiento de recursos', type='feature' parent = 'null', cardNumber='null'}]
13:38:25.755 [pool-2-thread-7] DEBUG net.thucydides.core.requirements.BaseRequirementsService - Requirement found for test outcome se requiere realizar cambio de linea de Pos a Pre-[]: Optional[Requirement{name='Sanity limpieza y aprovisionamiento de recursos', type='feature' parent = 'null', cardNumber='null'}]
13:38:25.755 [pool-2-thread-1] DEBUG net.thucydides.core.requirements.BaseRequirementsService - Requirement found for test outcome se quiere ingresar a la plataforma epos-[]: Optional[Requirement{name='Sanity limpieza y aprovisionamiento de recursos', type='feature' parent = 'null', cardNumber='null'}]
13:38:25.755 [pool-2-thread-8] DEBUG net.thucydides.core.requirements.BaseRequirementsService - Requirement found for test outcome se requiere realizar una activacion de una linea en control avenger-[]: Optional[Requirement{name='Sanity limpieza y aprovisionamiento de recursos', type='feature' parent = 'null', cardNumber='null'}]
13:38:25.755 [pool-2-thread-4] DEBUG net.thucydides.core.requirements.BaseRequirementsService - Requirement found for test outcome se requiere realizar una activacion de una linea en prepago-[]: Optional[Requirement{name='Sanity limpieza y aprovisionamiento de recursos', type='feature' parent = 'null', cardNumber='null'}]
13:38:25.756 [pool-2-thread-6] DEBUG net.thucydides.core.requirements.BaseRequirementsService - Requirement found for test outcome se requiere realizar cambio de linea de Pre a Pos-[]: Optional[Requirement{name='Sanity limpieza y aprovisionamiento de recursos', type='feature' parent = 'null', cardNumber='null'}]
13:38:25.755 [pool-2-thread-2] DEBUG net.thucydides.core.requirements.BaseRequirementsService - Requirement found for test outcome realizar el cargue de inventario-[]: Optional[Requirement{name='Sanity limpieza y aprovisionamiento de recursos', type='feature' parent = 'null', cardNumber='null'}]
13:38:25.757 [pool-2-thread-4] DEBUG net.thucydides.core.requirements.BaseRequirementsService - Requirement found for test outcome se requiere realizar una activacion de una linea en prepago-[]: Optional[Requirement{name='Sanity limpieza y aprovisionamiento de recursos', type='feature' parent = 'null', cardNumber='null'}]
13:38:25.758 [pool-2-thread-2] DEBUG net.thucydides.core.requirements.BaseRequirementsService - Requirement found for test outcome realizar el cargue de inventario-[]: Optional[Requirement{name='Sanity limpieza y aprovisionamiento de recursos', type='feature' parent = 'null', cardNumber='null'}]
13:38:25.758 [pool-2-thread-1] DEBUG net.thucydides.core.requirements.BaseRequirementsService - Requirement found for test outcome se quiere ingresar a la plataforma epos-[]: Optional[Requirement{name='Sanity limpieza y aprovisionamiento de recursos', type='feature' parent = 'null', cardNumber='null'}]
13:38:25.758 [pool-2-thread-3] DEBUG net.thucydides.core.requirements.BaseRequirementsService - Requirement found for test outcome realizar la confirmacion de inventario-[]: Optional[Requirement{name='Sanity limpieza y aprovisionamiento de recursos', type='feature' parent = 'null', cardNumber='null'}]
13:38:25.760 [pool-2-thread-6] DEBUG net.thucydides.core.requirements.BaseRequirementsService - Requirement found for test outcome se requiere realizar cambio de linea de Pre a Pos-[]: Optional[Requirement{name='Sanity limpieza y aprovisionamiento de recursos', type='feature' parent = 'null', cardNumber='null'}]
13:38:25.758 [pool-2-thread-7] DEBUG net.thucydides.core.requirements.BaseRequirementsService - Requirement found for test outcome se requiere realizar cambio de linea de Pos a Pre-[]: Optional[Requirement{name='Sanity limpieza y aprovisionamiento de recursos', type='feature' parent = 'null', cardNumber='null'}]
13:38:25.761 [pool-2-thread-5] DEBUG net.thucydides.core.requirements.RequirementsTagProvider -  found:[Requirement{name='Sanity limpieza y aprovisionamiento de recursos', type='feature' parent = 'null', cardNumber='null'}]
13:38:25.762 [pool-2-thread-5] DEBUG net.thucydides.core.requirements.BaseRequirementsService - Requirement found for test outcome se requiere realizar una activacion de una linea en control nintendo-[]: Optional[Requirement{name='Sanity limpieza y aprovisionamiento de recursos', type='feature' parent = 'null', cardNumber='null'}]
13:38:25.762 [pool-2-thread-5] DEBUG net.thucydides.core.requirements.BaseRequirementsService - Requirement found for test outcome se requiere realizar una activacion de una linea en control nintendo-[]: Optional[Requirement{name='Sanity limpieza y aprovisionamiento de recursos', type='feature' parent = 'null', cardNumber='null'}]
13:38:25.758 [pool-2-thread-8] DEBUG net.thucydides.core.requirements.BaseRequirementsService - Requirement found for test outcome se requiere realizar una activacion de una linea en control avenger-[]: Optional[Requirement{name='Sanity limpieza y aprovisionamiento de recursos', type='feature' parent = 'null', cardNumber='null'}]
13:38:25.800 [pool-2-thread-1] DEBUG net.thucydides.core.requirements.BaseRequirementsService - Requirement found for test outcome se quiere ingresar a la plataforma epos-[]: Optional[Requirement{name='Sanity limpieza y aprovisionamiento de recursos', type='feature' parent = 'null', cardNumber='null'}]
13:38:25.801 [pool-2-thread-1] DEBUG net.thucydides.core.requirements.BaseRequirementsService - Requirement found for test outcome se quiere ingresar a la plataforma epos-[]: Optional[Requirement{name='Sanity limpieza y aprovisionamiento de recursos', type='feature' parent = 'null', cardNumber='null'}]
13:38:25.804 [pool-2-thread-2] DEBUG net.thucydides.core.requirements.BaseRequirementsService - Requirement found for test outcome realizar el cargue de inventario-[]: Optional[Requirement{name='Sanity limpieza y aprovisionamiento de recursos', type='feature' parent = 'null', cardNumber='null'}]
13:38:25.806 [pool-2-thread-2] DEBUG net.thucydides.core.requirements.BaseRequirementsService - Requirement found for test outcome realizar el cargue de inventario-[]: Optional[Requirement{name='Sanity limpieza y aprovisionamiento de recursos', type='feature' parent = 'null', cardNumber='null'}]
13:38:25.813 [pool-2-thread-7] DEBUG net.thucydides.core.requirements.BaseRequirementsService - Requirement found for test outcome se requiere realizar cambio de linea de Pos a Pre-[]: Optional[Requirement{name='Sanity limpieza y aprovisionamiento de recursos', type='feature' parent = 'null', cardNumber='null'}]
13:38:25.813 [pool-2-thread-7] DEBUG net.thucydides.core.requirements.BaseRequirementsService - Requirement found for test outcome se requiere realizar cambio de linea de Pos a Pre-[]: Optional[Requirement{name='Sanity limpieza y aprovisionamiento de recursos', type='feature' parent = 'null', cardNumber='null'}]
13:38:25.830 [pool-2-thread-6] DEBUG net.thucydides.core.requirements.BaseRequirementsService - Requirement found for test outcome se requiere realizar cambio de linea de Pre a Pos-[]: Optional[Requirement{name='Sanity limpieza y aprovisionamiento de recursos', type='feature' parent = 'null', cardNumber='null'}]
13:38:25.830 [pool-2-thread-6] DEBUG net.thucydides.core.requirements.BaseRequirementsService - Requirement found for test outcome se requiere realizar cambio de linea de Pre a Pos-[]: Optional[Requirement{name='Sanity limpieza y aprovisionamiento de recursos', type='feature' parent = 'null', cardNumber='null'}]
13:38:25.849 [pool-2-thread-4] DEBUG net.thucydides.core.requirements.BaseRequirementsService - Requirement found for test outcome se requiere realizar una activacion de una linea en prepago-[]: Optional[Requirement{name='Sanity limpieza y aprovisionamiento de recursos', type='feature' parent = 'null', cardNumber='null'}]
13:38:25.850 [pool-2-thread-4] DEBUG net.thucydides.core.requirements.BaseRequirementsService - Requirement found for test outcome se requiere realizar una activacion de una linea en prepago-[]: Optional[Requirement{name='Sanity limpieza y aprovisionamiento de recursos', type='feature' parent = 'null', cardNumber='null'}]
13:38:25.859 [pool-2-thread-8] DEBUG net.thucydides.core.requirements.BaseRequirementsService - Requirement found for test outcome se requiere realizar una activacion de una linea en control avenger-[]: Optional[Requirement{name='Sanity limpieza y aprovisionamiento de recursos', type='feature' parent = 'null', cardNumber='null'}]
13:38:25.861 [pool-2-thread-8] DEBUG net.thucydides.core.requirements.BaseRequirementsService - Requirement found for test outcome se requiere realizar una activacion de una linea en control avenger-[]: Optional[Requirement{name='Sanity limpieza y aprovisionamiento de recursos', type='feature' parent = 'null', cardNumber='null'}]
13:38:25.868 [pool-2-thread-5] DEBUG net.thucydides.core.requirements.BaseRequirementsService - Requirement found for test outcome se requiere realizar una activacion de una linea en control nintendo-[]: Optional[Requirement{name='Sanity limpieza y aprovisionamiento de recursos', type='feature' parent = 'null', cardNumber='null'}]
13:38:25.868 [pool-2-thread-5] DEBUG net.thucydides.core.requirements.BaseRequirementsService - Requirement found for test outcome se requiere realizar una activacion de una linea en control nintendo-[]: Optional[Requirement{name='Sanity limpieza y aprovisionamiento de recursos', type='feature' parent = 'null', cardNumber='null'}]
13:38:25.910 [pool-2-thread-6] DEBUG net.thucydides.core.reports.html.HtmlAcceptanceTestReporter - Generating report in b86f262cb4a10a344da39382471d5db85e0b637e004bec471fad829af8aa9234_screenshots.html
13:38:25.910 [pool-2-thread-7] DEBUG net.thucydides.core.reports.html.HtmlAcceptanceTestReporter - Generating report in 28304be658e10ce0ab49a162aed274577fd35349c886f4aeb2ee4485f2a87045_screenshots.html
13:38:25.910 [pool-2-thread-1] DEBUG net.thucydides.core.reports.html.HtmlAcceptanceTestReporter - Generating report in dd8d8ded9644b52fbc86dae313c60166d8b4c2b2da549354520470c10795b41b_screenshots.html
13:38:25.910 [pool-2-thread-3] DEBUG net.thucydides.core.reports.html.HtmlAcceptanceTestReporter - GENERATING HTML REPORT FOR Sanity limpieza y aprovisionamiento de recursos:realizar la confirmacion de inventario in 8a91845db0a22eb470d492c234c97b8c9dde222ac0d23603d3947e29bb7d10a1.html in directory C:\Users\nriosa\Desktop\SanitySemillas\SanitySemilla8\target\site\serenity  
13:38:25.910 [pool-2-thread-2] DEBUG net.thucydides.core.reports.html.HtmlAcceptanceTestReporter - Generating report in c2816aaf72665fe39c1c583ab7f5162d39901ba6984fcbfd421cfd8e526280ac_screenshots.html
13:38:25.910 [pool-2-thread-4] DEBUG net.thucydides.core.reports.html.HtmlAcceptanceTestReporter - Generating report in b24b1018ee3dd999113e548415feb5453867a0c876cf6d48e9e407bfaf58972b_screenshots.html
13:38:25.910 [pool-2-thread-5] DEBUG net.thucydides.core.reports.html.HtmlAcceptanceTestReporter - Generating report in 122b112c3f6e46d036b31771680fa2241283c374264f7dcbe33344197c5a5bf7_screenshots.html
13:38:25.910 [pool-2-thread-8] DEBUG net.thucydides.core.reports.html.HtmlAcceptanceTestReporter - Generating report in 2bceb1466a00c2e528ad43eb85ece5e6233c5c4ae7255d80e9d2695b111b5bd5_screenshots.html
13:38:25.913 [pool-2-thread-3] DEBUG net.thucydides.core.reports.html.HtmlAcceptanceTestReporter - Generating report in 8a91845db0a22eb470d492c234c97b8c9dde222ac0d23603d3947e29bb7d10a1.html
13:38:26.216 [pool-2-thread-3] DEBUG net.thucydides.core.reports.html.HtmlAcceptanceTestReporter - Generated report 8a91845db0a22eb470d492c234c97b8c9dde222ac0d23603d3947e29bb7d10a1.html in 303 ms
13:38:26.216 [pool-2-thread-3] DEBUG net.thucydides.core.reports.ReportService - Processing test outcome Sanity limpieza y aprovisionamiento de recursos:realizar la confirmacion de inventario done
13:38:26.216 [pool-2-thread-3] DEBUG net.thucydides.core.reports.ReportService - Processing test outcome Sanity limpieza y aprovisionamiento de recursos:se requiere realizar un cambio de plan pos a pre
13:38:26.216 [pool-2-thread-3] DEBUG net.thucydides.core.reports.ReportService - net.thucydides.core.reports.html.HtmlAcceptanceTestReporter@7576d458: Generating report for test outcome: Sanity limpieza y aprovisionamiento de recursos:se requiere realizar un cambio de plan pos a pre
13:38:26.216 [pool-2-thread-3] DEBUG net.thucydides.core.reports.html.HtmlAcceptanceTestReporter - GENERATE TEST OUTCOME REPORT FOR se requiere realizar un cambio de plan pos a pre in 75d23638e36d2517281c24cbda9c61c0b3899ce81f2f92227e60db5385471dca
13:38:26.218 [pool-2-thread-3] DEBUG net.thucydides.core.requirements.BaseRequirementsService - Requirement found for test outcome se requiere realizar un cambio de plan pos a pre-[]: Optional[Requirement{name='Sanity limpieza y aprovisionamiento de recursos', type='feature' parent = 'null', cardNumber='null'}]
13:38:26.219 [pool-2-thread-3] DEBUG net.thucydides.core.requirements.BaseRequirementsService - Requirement found for test outcome se requiere realizar un cambio de plan pos a pre-[]: Optional[Requirement{name='Sanity limpieza y aprovisionamiento de recursos', type='feature' parent = 'null', cardNumber='null'}]
13:38:26.220 [pool-2-thread-1] DEBUG net.thucydides.core.reports.html.HtmlAcceptanceTestReporter - Generated report dd8d8ded9644b52fbc86dae313c60166d8b4c2b2da549354520470c10795b41b_screenshots.html in 310 ms
13:38:26.221 [pool-2-thread-1] DEBUG net.thucydides.core.reports.html.HtmlAcceptanceTestReporter - GENERATING HTML REPORT FOR Sanity limpieza y aprovisionamiento de recursos:se quiere ingresar a la plataforma epos in dd8d8ded9644b52fbc86dae313c60166d8b4c2b2da549354520470c10795b41b.html in directory C:\Users\nriosa\Desktop\SanitySemillas\SanitySemilla8\target\site\serenity  
13:38:26.222 [pool-2-thread-1] DEBUG net.thucydides.core.reports.html.HtmlAcceptanceTestReporter - Generating report in dd8d8ded9644b52fbc86dae313c60166d8b4c2b2da549354520470c10795b41b.html
13:38:26.223 [pool-2-thread-2] DEBUG net.thucydides.core.reports.html.HtmlAcceptanceTestReporter - Generated report c2816aaf72665fe39c1c583ab7f5162d39901ba6984fcbfd421cfd8e526280ac_screenshots.html in 313 ms
13:38:26.224 [pool-2-thread-2] DEBUG net.thucydides.core.reports.html.HtmlAcceptanceTestReporter - GENERATING HTML REPORT FOR Sanity limpieza y aprovisionamiento de recursos:realizar el cargue de inventario in c2816aaf72665fe39c1c583ab7f5162d39901ba6984fcbfd421cfd8e526280ac.html in directory C:\Users\nriosa\Desktop\SanitySemillas\SanitySemilla8\target\site\serenity  
13:38:26.225 [pool-2-thread-2] DEBUG net.thucydides.core.reports.html.HtmlAcceptanceTestReporter - Generating report in c2816aaf72665fe39c1c583ab7f5162d39901ba6984fcbfd421cfd8e526280ac.html
13:38:26.228 [pool-2-thread-6] DEBUG net.thucydides.core.reports.html.HtmlAcceptanceTestReporter - Generated report b86f262cb4a10a344da39382471d5db85e0b637e004bec471fad829af8aa9234_screenshots.html in 318 ms
13:38:26.229 [pool-2-thread-6] DEBUG net.thucydides.core.reports.html.HtmlAcceptanceTestReporter - GENERATING HTML REPORT FOR Sanity limpieza y aprovisionamiento de recursos:se requiere realizar cambio de linea de Pre a Pos in b86f262cb4a10a344da39382471d5db85e0b637e004bec471fad829af8aa9234.html in directory C:\Users\nriosa\Desktop\SanitySemillas\SanitySemilla8\target\site\serenity  
13:38:26.230 [pool-2-thread-6] DEBUG net.thucydides.core.reports.html.HtmlAcceptanceTestReporter - Generating report in b86f262cb4a10a344da39382471d5db85e0b637e004bec471fad829af8aa9234.html
13:38:26.238 [pool-2-thread-8] DEBUG net.thucydides.core.reports.html.HtmlAcceptanceTestReporter - Generated report 2bceb1466a00c2e528ad43eb85ece5e6233c5c4ae7255d80e9d2695b111b5bd5_screenshots.html in 328 ms
13:38:26.238 [pool-2-thread-7] DEBUG net.thucydides.core.reports.html.HtmlAcceptanceTestReporter - Generated report 28304be658e10ce0ab49a162aed274577fd35349c886f4aeb2ee4485f2a87045_screenshots.html in 328 ms
13:38:26.238 [pool-2-thread-8] DEBUG net.thucydides.core.reports.html.HtmlAcceptanceTestReporter - GENERATING HTML REPORT FOR Sanity limpieza y aprovisionamiento de recursos:se requiere realizar una activacion de una linea en control avenger in 2bceb1466a00c2e528ad43eb85ece5e6233c5c4ae7255d80e9d2695b111b5bd5.html in directory C:\Users\nriosa\Desktop\SanitySemillas\SanitySemilla8\target\site\serenity  
13:38:26.238 [pool-2-thread-7] DEBUG net.thucydides.core.reports.html.HtmlAcceptanceTestReporter - GENERATING HTML REPORT FOR Sanity limpieza y aprovisionamiento de recursos:se requiere realizar cambio de linea de Pos a Pre in 28304be658e10ce0ab49a162aed274577fd35349c886f4aeb2ee4485f2a87045.html in directory C:\Users\nriosa\Desktop\SanitySemillas\SanitySemilla8\target\site\serenity  
13:38:26.240 [pool-2-thread-8] DEBUG net.thucydides.core.reports.html.HtmlAcceptanceTestReporter - Generating report in 2bceb1466a00c2e528ad43eb85ece5e6233c5c4ae7255d80e9d2695b111b5bd5.html
13:38:26.240 [pool-2-thread-7] DEBUG net.thucydides.core.reports.html.HtmlAcceptanceTestReporter - Generating report in 28304be658e10ce0ab49a162aed274577fd35349c886f4aeb2ee4485f2a87045.html
13:38:26.241 [pool-2-thread-4] DEBUG net.thucydides.core.reports.html.HtmlAcceptanceTestReporter - Generated report b24b1018ee3dd999113e548415feb5453867a0c876cf6d48e9e407bfaf58972b_screenshots.html in 331 ms
13:38:26.241 [pool-2-thread-4] DEBUG net.thucydides.core.reports.html.HtmlAcceptanceTestReporter - GENERATING HTML REPORT FOR Sanity limpieza y aprovisionamiento de recursos:se requiere realizar una activacion de una linea en prepago in b24b1018ee3dd999113e548415feb5453867a0c876cf6d48e9e407bfaf58972b.html in directory C:\Users\nriosa\Desktop\SanitySemillas\SanitySemilla8\target\site\serenity  
13:38:26.242 [pool-2-thread-4] DEBUG net.thucydides.core.reports.html.HtmlAcceptanceTestReporter - Generating report in b24b1018ee3dd999113e548415feb5453867a0c876cf6d48e9e407bfaf58972b.html
13:38:26.248 [pool-2-thread-5] DEBUG net.thucydides.core.reports.html.HtmlAcceptanceTestReporter - Generated report 122b112c3f6e46d036b31771680fa2241283c374264f7dcbe33344197c5a5bf7_screenshots.html in 338 ms
13:38:26.249 [pool-2-thread-5] DEBUG net.thucydides.core.reports.html.HtmlAcceptanceTestReporter - GENERATING HTML REPORT FOR Sanity limpieza y aprovisionamiento de recursos:se requiere realizar una activacion de una linea en control nintendo in 122b112c3f6e46d036b31771680fa2241283c374264f7dcbe33344197c5a5bf7.html in directory C:\Users\nriosa\Desktop\SanitySemillas\SanitySemilla8\target\site\serenity  
13:38:26.252 [pool-2-thread-5] DEBUG net.thucydides.core.reports.html.HtmlAcceptanceTestReporter - Generating report in 122b112c3f6e46d036b31771680fa2241283c374264f7dcbe33344197c5a5bf7.html
13:38:26.256 [pool-2-thread-3] DEBUG net.thucydides.core.requirements.BaseRequirementsService - Requirement found for test outcome se requiere realizar un cambio de plan pos a pre-[]: Optional[Requirement{name='Sanity limpieza y aprovisionamiento de recursos', type='feature' parent = 'null', cardNumber='null'}]
13:38:26.256 [pool-2-thread-3] DEBUG net.thucydides.core.requirements.BaseRequirementsService - Requirement found for test outcome se requiere realizar un cambio de plan pos a pre-[]: Optional[Requirement{name='Sanity limpieza y aprovisionamiento de recursos', type='feature' parent = 'null', cardNumber='null'}]
13:38:26.257 [pool-2-thread-3] DEBUG net.thucydides.core.reports.html.HtmlAcceptanceTestReporter - Generating report in 75d23638e36d2517281c24cbda9c61c0b3899ce81f2f92227e60db5385471dca_screenshots.html
13:38:26.279 [pool-2-thread-3] DEBUG net.thucydides.core.reports.html.HtmlAcceptanceTestReporter - Generated report 75d23638e36d2517281c24cbda9c61c0b3899ce81f2f92227e60db5385471dca_screenshots.html in 22 ms
13:38:26.280 [pool-2-thread-3] DEBUG net.thucydides.core.reports.html.HtmlAcceptanceTestReporter - GENERATING HTML REPORT FOR Sanity limpieza y aprovisionamiento de recursos:se requiere realizar un cambio de plan pos a pre in 75d23638e36d2517281c24cbda9c61c0b3899ce81f2f92227e60db5385471dca.html in directory C:\Users\nriosa\Desktop\SanitySemillas\SanitySemilla8\target\site\serenity  
13:38:26.281 [pool-2-thread-3] DEBUG net.thucydides.core.reports.html.HtmlAcceptanceTestReporter - Generating report in 75d23638e36d2517281c24cbda9c61c0b3899ce81f2f92227e60db5385471dca.html
13:38:26.401 [pool-2-thread-2] DEBUG net.thucydides.core.reports.html.HtmlAcceptanceTestReporter - Generated report c2816aaf72665fe39c1c583ab7f5162d39901ba6984fcbfd421cfd8e526280ac.html in 176 ms
13:38:26.402 [pool-2-thread-2] DEBUG net.thucydides.core.reports.ReportService - Processing test outcome Sanity limpieza y aprovisionamiento de recursos:realizar el cargue de inventario done
13:38:26.402 [pool-2-thread-2] DEBUG net.thucydides.core.reports.ReportService - Processing test outcome Sanity limpieza y aprovisionamiento de recursos:se requiere realizar un cambio de plan pre a pos
13:38:26.402 [pool-2-thread-2] DEBUG net.thucydides.core.reports.ReportService - net.thucydides.core.reports.html.HtmlAcceptanceTestReporter@7576d458: Generating report for test outcome: Sanity limpieza y aprovisionamiento de recursos:se requiere realizar un cambio de plan pre a pos
13:38:26.402 [pool-2-thread-2] DEBUG net.thucydides.core.reports.html.HtmlAcceptanceTestReporter - GENERATE TEST OUTCOME REPORT FOR se requiere realizar un cambio de plan pre a pos in 4149c2c17bdaec18148489b34ed0eb7060cf09c5691e3abcdeb0b844f925858c
13:38:26.402 [pool-2-thread-2] DEBUG net.thucydides.core.requirements.BaseRequirementsService - Requirement found for test outcome se requiere realizar un cambio de plan pre a pos-[]: Optional[Requirement{name='Sanity limpieza y aprovisionamiento de recursos', type='feature' parent = 'null', cardNumber='null'}]
13:38:26.403 [pool-2-thread-2] DEBUG net.thucydides.core.requirements.BaseRequirementsService - Requirement found for test outcome se requiere realizar un cambio de plan pre a pos-[]: Optional[Requirement{name='Sanity limpieza y aprovisionamiento de recursos', type='feature' parent = 'null', cardNumber='null'}]
13:38:26.411 [pool-2-thread-2] DEBUG net.thucydides.core.requirements.BaseRequirementsService - Requirement found for test outcome se requiere realizar un cambio de plan pre a pos-[]: Optional[Requirement{name='Sanity limpieza y aprovisionamiento de recursos', type='feature' parent = 'null', cardNumber='null'}]
13:38:26.412 [pool-2-thread-2] DEBUG net.thucydides.core.requirements.BaseRequirementsService - Requirement found for test outcome se requiere realizar un cambio de plan pre a pos-[]: Optional[Requirement{name='Sanity limpieza y aprovisionamiento de recursos', type='feature' parent = 'null', cardNumber='null'}]
13:38:26.413 [pool-2-thread-2] DEBUG net.thucydides.core.reports.html.HtmlAcceptanceTestReporter - Generating report in 4149c2c17bdaec18148489b34ed0eb7060cf09c5691e3abcdeb0b844f925858c_screenshots.html
13:38:26.425 [pool-2-thread-1] DEBUG net.thucydides.core.reports.html.HtmlAcceptanceTestReporter - Generated report dd8d8ded9644b52fbc86dae313c60166d8b4c2b2da549354520470c10795b41b.html in 203 ms
13:38:26.426 [pool-2-thread-1] DEBUG net.thucydides.core.reports.ReportService - Processing test outcome Sanity limpieza y aprovisionamiento de recursos:se quiere ingresar a la plataforma epos done
13:38:26.426 [pool-2-thread-1] DEBUG net.thucydides.core.reports.ReportService - Processing test outcome Sanity limpieza y aprovisionamiento de recursos:se requiere realizar la suspension de una linea
13:38:26.426 [pool-2-thread-1] DEBUG net.thucydides.core.reports.ReportService - net.thucydides.core.reports.html.HtmlAcceptanceTestReporter@7576d458: Generating report for test outcome: Sanity limpieza y aprovisionamiento de recursos:se requiere realizar la suspension de una linea
13:38:26.426 [pool-2-thread-1] DEBUG net.thucydides.core.reports.html.HtmlAcceptanceTestReporter - GENERATE TEST OUTCOME REPORT FOR se requiere realizar la suspension de una linea in fa9badf297f410ee57fada909c6c8e16bc3caf3cdb4686d8a063be152a2ac18e
13:38:26.428 [pool-2-thread-1] DEBUG net.thucydides.core.requirements.BaseRequirementsService - Requirement found for test outcome se requiere realizar la suspension de una linea-[]: Optional[Requirement{name='Sanity limpieza y aprovisionamiento de recursos', type='feature' parent = 'null', cardNumber='null'}]
13:38:26.429 [pool-2-thread-1] DEBUG net.thucydides.core.requirements.BaseRequirementsService - Requirement found for test outcome se requiere realizar la suspension de una linea-[]: Optional[Requirement{name='Sanity limpieza y aprovisionamiento de recursos', type='feature' parent = 'null', cardNumber='null'}]
13:38:26.429 [pool-2-thread-2] DEBUG net.thucydides.core.reports.html.HtmlAcceptanceTestReporter - Generated report 4149c2c17bdaec18148489b34ed0eb7060cf09c5691e3abcdeb0b844f925858c_screenshots.html in 16 ms
13:38:26.430 [pool-2-thread-2] DEBUG net.thucydides.core.reports.html.HtmlAcceptanceTestReporter - GENERATING HTML REPORT FOR Sanity limpieza y aprovisionamiento de recursos:se requiere realizar un cambio de plan pre a pos in 4149c2c17bdaec18148489b34ed0eb7060cf09c5691e3abcdeb0b844f925858c.html in directory C:\Users\nriosa\Desktop\SanitySemillas\SanitySemilla8\target\site\serenity  
13:38:26.431 [pool-2-thread-2] DEBUG net.thucydides.core.reports.html.HtmlAcceptanceTestReporter - Generating report in 4149c2c17bdaec18148489b34ed0eb7060cf09c5691e3abcdeb0b844f925858c.html
13:38:26.448 [pool-2-thread-1] DEBUG net.thucydides.core.requirements.BaseRequirementsService - Requirement found for test outcome se requiere realizar la suspension de una linea-[]: Optional[Requirement{name='Sanity limpieza y aprovisionamiento de recursos', type='feature' parent = 'null', cardNumber='null'}]
13:38:26.449 [pool-2-thread-1] DEBUG net.thucydides.core.requirements.BaseRequirementsService - Requirement found for test outcome se requiere realizar la suspension de una linea-[]: Optional[Requirement{name='Sanity limpieza y aprovisionamiento de recursos', type='feature' parent = 'null', cardNumber='null'}]
13:38:26.450 [pool-2-thread-1] DEBUG net.thucydides.core.reports.html.HtmlAcceptanceTestReporter - Generating report in fa9badf297f410ee57fada909c6c8e16bc3caf3cdb4686d8a063be152a2ac18e_screenshots.html
13:38:26.466 [pool-2-thread-1] DEBUG net.thucydides.core.reports.html.HtmlAcceptanceTestReporter - Generated report fa9badf297f410ee57fada909c6c8e16bc3caf3cdb4686d8a063be152a2ac18e_screenshots.html in 16 ms
13:38:26.467 [pool-2-thread-1] DEBUG net.thucydides.core.reports.html.HtmlAcceptanceTestReporter - GENERATING HTML REPORT FOR Sanity limpieza y aprovisionamiento de recursos:se requiere realizar la suspension de una linea in fa9badf297f410ee57fada909c6c8e16bc3caf3cdb4686d8a063be152a2ac18e.html in directory C:\Users\nriosa\Desktop\SanitySemillas\SanitySemilla8\target\site\serenity  
13:38:26.468 [pool-2-thread-1] DEBUG net.thucydides.core.reports.html.HtmlAcceptanceTestReporter - Generating report in fa9badf297f410ee57fada909c6c8e16bc3caf3cdb4686d8a063be152a2ac18e.html
13:38:26.487 [pool-2-thread-7] DEBUG net.thucydides.core.reports.html.HtmlAcceptanceTestReporter - Generated report 28304be658e10ce0ab49a162aed274577fd35349c886f4aeb2ee4485f2a87045.html in 247 ms
13:38:26.487 [pool-2-thread-7] DEBUG net.thucydides.core.reports.ReportService - Processing test outcome Sanity limpieza y aprovisionamiento de recursos:se requiere realizar cambio de linea de Pos a Pre done
13:38:26.487 [pool-2-thread-7] DEBUG net.thucydides.core.reports.ReportService - Processing test outcome Sanity limpieza y aprovisionamiento de recursos:se requiere realizar la reconexion de una linea
13:38:26.487 [pool-2-thread-7] DEBUG net.thucydides.core.reports.ReportService - net.thucydides.core.reports.html.HtmlAcceptanceTestReporter@7576d458: Generating report for test outcome: Sanity limpieza y aprovisionamiento de recursos:se requiere realizar la reconexion de una linea
13:38:26.487 [pool-2-thread-7] DEBUG net.thucydides.core.reports.html.HtmlAcceptanceTestReporter - GENERATE TEST OUTCOME REPORT FOR se requiere realizar la reconexion de una linea in e1319ca13b6f72ccedf89dff7c8356388d02ec90561567f1eff7f8fa69a4a043
13:38:26.490 [pool-2-thread-7] DEBUG net.thucydides.core.requirements.BaseRequirementsService - Requirement found for test outcome se requiere realizar la reconexion de una linea-[]: Optional[Requirement{name='Sanity limpieza y aprovisionamiento de recursos', type='feature' parent = 'null', cardNumber='null'}]
13:38:26.491 [pool-2-thread-7] DEBUG net.thucydides.core.requirements.BaseRequirementsService - Requirement found for test outcome se requiere realizar la reconexion de una linea-[]: Optional[Requirement{name='Sanity limpieza y aprovisionamiento de recursos', type='feature' parent = 'null', cardNumber='null'}]
13:38:26.515 [pool-2-thread-7] DEBUG net.thucydides.core.requirements.BaseRequirementsService - Requirement found for test outcome se requiere realizar la reconexion de una linea-[]: Optional[Requirement{name='Sanity limpieza y aprovisionamiento de recursos', type='feature' parent = 'null', cardNumber='null'}]
13:38:26.515 [pool-2-thread-7] DEBUG net.thucydides.core.requirements.BaseRequirementsService - Requirement found for test outcome se requiere realizar la reconexion de una linea-[]: Optional[Requirement{name='Sanity limpieza y aprovisionamiento de recursos', type='feature' parent = 'null', cardNumber='null'}]
13:38:26.516 [pool-2-thread-7] DEBUG net.thucydides.core.reports.html.HtmlAcceptanceTestReporter - Generating report in e1319ca13b6f72ccedf89dff7c8356388d02ec90561567f1eff7f8fa69a4a043_screenshots.html
13:38:26.516 [pool-2-thread-6] DEBUG net.thucydides.core.reports.html.HtmlAcceptanceTestReporter - Generated report b86f262cb4a10a344da39382471d5db85e0b637e004bec471fad829af8aa9234.html in 286 ms
13:38:26.516 [pool-2-thread-6] DEBUG net.thucydides.core.reports.ReportService - Processing test outcome Sanity limpieza y aprovisionamiento de recursos:se requiere realizar cambio de linea de Pre a Pos done
13:38:26.516 [pool-2-thread-6] DEBUG net.thucydides.core.reports.ReportService - Processing test outcome Sanity limpieza y aprovisionamiento de recursos:se requiere realizar una portabilidad pospago
13:38:26.516 [pool-2-thread-6] DEBUG net.thucydides.core.reports.ReportService - net.thucydides.core.reports.html.HtmlAcceptanceTestReporter@7576d458: Generating report for test outcome: Sanity limpieza y aprovisionamiento de recursos:se requiere realizar una portabilidad pospago
13:38:26.516 [pool-2-thread-6] DEBUG net.thucydides.core.reports.html.HtmlAcceptanceTestReporter - GENERATE TEST OUTCOME REPORT FOR se requiere realizar una portabilidad pospago in 3f07770ab86ddb50508e4dd4bff030f3bc25a821753222fc3dc0e1f0cf1b7797
13:38:26.516 [pool-2-thread-6] DEBUG net.thucydides.core.requirements.BaseRequirementsService - Requirement found for test outcome se requiere realizar una portabilidad pospago-[]: Optional[Requirement{name='Sanity limpieza y aprovisionamiento de recursos', type='feature' parent = 'null', cardNumber='null'}]
13:38:26.516 [pool-2-thread-6] DEBUG net.thucydides.core.requirements.BaseRequirementsService - Requirement found for test outcome se requiere realizar una portabilidad pospago-[]: Optional[Requirement{name='Sanity limpieza y aprovisionamiento de recursos', type='feature' parent = 'null', cardNumber='null'}]
13:38:26.529 [pool-2-thread-7] DEBUG net.thucydides.core.reports.html.HtmlAcceptanceTestReporter - Generated report e1319ca13b6f72ccedf89dff7c8356388d02ec90561567f1eff7f8fa69a4a043_screenshots.html in 13 ms
13:38:26.530 [pool-2-thread-7] DEBUG net.thucydides.core.reports.html.HtmlAcceptanceTestReporter - GENERATING HTML REPORT FOR Sanity limpieza y aprovisionamiento de recursos:se requiere realizar la reconexion de una linea in e1319ca13b6f72ccedf89dff7c8356388d02ec90561567f1eff7f8fa69a4a043.html in directory C:\Users\nriosa\Desktop\SanitySemillas\SanitySemilla8\target\site\serenity  
13:38:26.532 [pool-2-thread-7] DEBUG net.thucydides.core.reports.html.HtmlAcceptanceTestReporter - Generating report in e1319ca13b6f72ccedf89dff7c8356388d02ec90561567f1eff7f8fa69a4a043.html
13:38:26.533 [pool-2-thread-6] DEBUG net.thucydides.core.requirements.BaseRequirementsService - Requirement found for test outcome se requiere realizar una portabilidad pospago-[]: Optional[Requirement{name='Sanity limpieza y aprovisionamiento de recursos', type='feature' parent = 'null', cardNumber='null'}]
13:38:26.534 [pool-2-thread-6] DEBUG net.thucydides.core.requirements.BaseRequirementsService - Requirement found for test outcome se requiere realizar una portabilidad pospago-[]: Optional[Requirement{name='Sanity limpieza y aprovisionamiento de recursos', type='feature' parent = 'null', cardNumber='null'}]
13:38:26.534 [pool-2-thread-6] DEBUG net.thucydides.core.reports.html.HtmlAcceptanceTestReporter - Generating report in 3f07770ab86ddb50508e4dd4bff030f3bc25a821753222fc3dc0e1f0cf1b7797_screenshots.html
13:38:26.543 [pool-2-thread-3] DEBUG net.thucydides.core.reports.html.HtmlAcceptanceTestReporter - Generated report 75d23638e36d2517281c24cbda9c61c0b3899ce81f2f92227e60db5385471dca.html in 262 ms
13:38:26.543 [pool-2-thread-3] DEBUG net.thucydides.core.reports.ReportService - Processing test outcome Sanity limpieza y aprovisionamiento de recursos:se requiere realizar un cambio de plan pos a pre done
13:38:26.543 [pool-2-thread-3] DEBUG net.thucydides.core.reports.ReportService - Processing test outcome Sanity limpieza y aprovisionamiento de recursos:se requiere realizar la reconexion de una linea
13:38:26.543 [pool-2-thread-3] DEBUG net.thucydides.core.reports.ReportService - net.thucydides.core.reports.html.HtmlAcceptanceTestReporter@7576d458: Generating report for test outcome: Sanity limpieza y aprovisionamiento de recursos:se requiere realizar la reconexion de una linea
13:38:26.543 [pool-2-thread-3] DEBUG net.thucydides.core.reports.html.HtmlAcceptanceTestReporter - GENERATE TEST OUTCOME REPORT FOR se requiere realizar la reconexion de una linea in e1319ca13b6f72ccedf89dff7c8356388d02ec90561567f1eff7f8fa69a4a043
13:38:26.544 [pool-2-thread-3] DEBUG net.thucydides.core.requirements.BaseRequirementsService - Requirement found for test outcome se requiere realizar la reconexion de una linea-[]: Optional[Requirement{name='Sanity limpieza y aprovisionamiento de recursos', type='feature' parent = 'null', cardNumber='null'}]
13:38:26.544 [pool-2-thread-3] DEBUG net.thucydides.core.requirements.BaseRequirementsService - Requirement found for test outcome se requiere realizar la reconexion de una linea-[]: Optional[Requirement{name='Sanity limpieza y aprovisionamiento de recursos', type='feature' parent = 'null', cardNumber='null'}]
13:38:26.553 [pool-2-thread-3] DEBUG net.thucydides.core.requirements.BaseRequirementsService - Requirement found for test outcome se requiere realizar la reconexion de una linea-[]: Optional[Requirement{name='Sanity limpieza y aprovisionamiento de recursos', type='feature' parent = 'null', cardNumber='null'}]
13:38:26.553 [pool-2-thread-3] DEBUG net.thucydides.core.requirements.BaseRequirementsService - Requirement found for test outcome se requiere realizar la reconexion de una linea-[]: Optional[Requirement{name='Sanity limpieza y aprovisionamiento de recursos', type='feature' parent = 'null', cardNumber='null'}]
13:38:26.554 [pool-2-thread-3] DEBUG net.thucydides.core.reports.html.HtmlAcceptanceTestReporter - Generating report in e1319ca13b6f72ccedf89dff7c8356388d02ec90561567f1eff7f8fa69a4a043_screenshots.html
13:38:26.557 [pool-2-thread-6] DEBUG net.thucydides.core.reports.html.HtmlAcceptanceTestReporter - Generated report 3f07770ab86ddb50508e4dd4bff030f3bc25a821753222fc3dc0e1f0cf1b7797_screenshots.html in 23 ms
13:38:26.558 [pool-2-thread-6] DEBUG net.thucydides.core.reports.html.HtmlAcceptanceTestReporter - GENERATING HTML REPORT FOR Sanity limpieza y aprovisionamiento de recursos:se requiere realizar una portabilidad pospago in 3f07770ab86ddb50508e4dd4bff030f3bc25a821753222fc3dc0e1f0cf1b7797.html in directory C:\Users\nriosa\Desktop\SanitySemillas\SanitySemilla8\target\site\serenity  
13:38:26.559 [pool-2-thread-6] DEBUG net.thucydides.core.reports.html.HtmlAcceptanceTestReporter - Generating report in 3f07770ab86ddb50508e4dd4bff030f3bc25a821753222fc3dc0e1f0cf1b7797.html
13:38:26.565 [pool-2-thread-2] DEBUG net.thucydides.core.reports.html.HtmlAcceptanceTestReporter - Generated report 4149c2c17bdaec18148489b34ed0eb7060cf09c5691e3abcdeb0b844f925858c.html in 134 ms
13:38:26.565 [pool-2-thread-2] DEBUG net.thucydides.core.reports.ReportService - Processing test outcome Sanity limpieza y aprovisionamiento de recursos:se requiere realizar un cambio de plan pre a pos done
13:38:26.572 [pool-2-thread-3] DEBUG net.thucydides.core.reports.html.HtmlAcceptanceTestReporter - Generated report e1319ca13b6f72ccedf89dff7c8356388d02ec90561567f1eff7f8fa69a4a043_screenshots.html in 18 ms
13:38:26.574 [pool-2-thread-3] DEBUG net.thucydides.core.reports.html.HtmlAcceptanceTestReporter - GENERATING HTML REPORT FOR Sanity limpieza y aprovisionamiento de recursos:se requiere realizar la reconexion de una linea in e1319ca13b6f72ccedf89dff7c8356388d02ec90561567f1eff7f8fa69a4a043.html in directory C:\Users\nriosa\Desktop\SanitySemillas\SanitySemilla8\target\site\serenity  
13:38:26.575 [pool-2-thread-3] DEBUG net.thucydides.core.reports.html.HtmlAcceptanceTestReporter - Generating report in e1319ca13b6f72ccedf89dff7c8356388d02ec90561567f1eff7f8fa69a4a043.html
13:38:26.608 [pool-2-thread-4] DEBUG net.thucydides.core.reports.html.HtmlAcceptanceTestReporter - Generated report b24b1018ee3dd999113e548415feb5453867a0c876cf6d48e9e407bfaf58972b.html in 366 ms
13:38:26.609 [pool-2-thread-4] DEBUG net.thucydides.core.reports.ReportService - Processing test outcome Sanity limpieza y aprovisionamiento de recursos:se requiere realizar una activacion de una linea en prepago done
13:38:26.660 [pool-2-thread-8] DEBUG net.thucydides.core.reports.html.HtmlAcceptanceTestReporter - Generated report 2bceb1466a00c2e528ad43eb85ece5e6233c5c4ae7255d80e9d2695b111b5bd5.html in 421 ms
13:38:26.660 [pool-2-thread-8] DEBUG net.thucydides.core.reports.ReportService - Processing test outcome Sanity limpieza y aprovisionamiento de recursos:se requiere realizar una activacion de una linea en control avenger done
13:38:26.681 [pool-2-thread-1] DEBUG net.thucydides.core.reports.html.HtmlAcceptanceTestReporter - Generated report fa9badf297f410ee57fada909c6c8e16bc3caf3cdb4686d8a063be152a2ac18e.html in 213 ms
13:38:26.681 [pool-2-thread-1] DEBUG net.thucydides.core.reports.ReportService - Processing test outcome Sanity limpieza y aprovisionamiento de recursos:se requiere realizar la suspension de una linea done
13:38:26.681 [pool-2-thread-5] DEBUG net.thucydides.core.reports.html.HtmlAcceptanceTestReporter - Generated report 122b112c3f6e46d036b31771680fa2241283c374264f7dcbe33344197c5a5bf7.html in 429 ms
13:38:26.681 [pool-2-thread-5] DEBUG net.thucydides.core.reports.ReportService - Processing test outcome Sanity limpieza y aprovisionamiento de recursos:se requiere realizar una activacion de una linea en control nintendo done
13:38:26.706 [pool-2-thread-6] DEBUG net.thucydides.core.reports.html.HtmlAcceptanceTestReporter - Generated report 3f07770ab86ddb50508e4dd4bff030f3bc25a821753222fc3dc0e1f0cf1b7797.html in 147 ms
13:38:26.706 [pool-2-thread-6] DEBUG net.thucydides.core.reports.ReportService - Processing test outcome Sanity limpieza y aprovisionamiento de recursos:se requiere realizar una portabilidad pospago done
13:38:26.716 [pool-2-thread-3] DEBUG net.thucydides.core.reports.html.HtmlAcceptanceTestReporter - Generated report e1319ca13b6f72ccedf89dff7c8356388d02ec90561567f1eff7f8fa69a4a043.html in 141 ms
13:38:26.716 [pool-2-thread-3] DEBUG net.thucydides.core.reports.ReportService - Processing test outcome Sanity limpieza y aprovisionamiento de recursos:se requiere realizar la reconexion de una linea done
13:38:26.740 [pool-2-thread-7] DEBUG net.thucydides.core.reports.html.HtmlAcceptanceTestReporter - Generated report e1319ca13b6f72ccedf89dff7c8356388d02ec90561567f1eff7f8fa69a4a043.html in 208 ms
13:38:26.741 [pool-2-thread-7] DEBUG net.thucydides.core.reports.ReportService - Processing test outcome Sanity limpieza y aprovisionamiento de recursos:se requiere realizar la reconexion de una linea done
13:38:26.741 [Test worker] DEBUG net.thucydides.core.reports.ReportService - Shutting down executor service
13:38:26.741 [Test worker] DEBUG net.thucydides.core.reports.ReportService - Reports generated in: 1048 ms
13:38:26.849 [Test worker] DEBUG net.serenitybdd.core.photography.Darkroom - Closing darkroom
13:38:26.854 [Darkroom Processing Line] DEBUG net.serenitybdd.core.photography.DarkroomProcessingLine - Darkroom processing line shutting down

?[31mFailed scenarios:?[0m
?[31msrc/test/resources/features/execute.feature:15 ?[0m# realizar el cargue de inventario
?[31msrc/test/resources/features/execute.feature:44 ?[0m# se requiere realizar cambio de linea de Pos a Pre
?[31msrc/test/resources/features/execute.feature:50 ?[0m# se requiere realizar una activacion de una linea en control avenger
?[31msrc/test/resources/features/execute.feature:56 ?[0m# se requiere realizar un cambio de plan pos a pre
?[31msrc/test/resources/features/execute.feature:62 ?[0m# se requiere realizar un cambio de plan pre a pos
?[31msrc/test/resources/features/execute.feature:68 ?[0m# se requiere realizar la suspension de una linea
?[31msrc/test/resources/features/execute.feature:80 ?[0m# se requiere realizar una portabilidad pospago
?[31msrc/test/resources/features/execute.feature:91 ?[0m# se requiere realizar la reconexion de una linea

14 Scenarios (?[31m8 failed?[0m, ?[32m6 passed?[0m)
52 Steps (?[31m8 failed?[0m, ?[36m17 skipped?[0m, ?[32m27 passed?[0m)
15m54,112s

org.openqa.selenium.ElementNotVisibleException: Timed out after 25 seconds. Element not available
Build info: version: '3.141.59', revision: 'e82be7d358', time: '2018-11-14T08:17:03'
System info: host: '22LAP5CD1195RQX', ip: '192.168.10.29', os.name: 'Windows 10', os.arch: 'amd64', os.version: '10.0', java.version: '1.8.0_291'
Driver info: driver.version: unknown
	at net.thucydides.core.annotations.locators.SmartAjaxElementLocator.ajaxFindElement(SmartAjaxElementLocator.java:163)
	at net.thucydides.core.annotations.locators.SmartAjaxElementLocator.findElement(SmartAjaxElementLocator.java:118)
	at net.serenitybdd.core.pages.WebElementResolverByElementLocator.resolveForDriver(WebElementResolverByElementLocator.java:30)
	at net.serenitybdd.core.pages.WebElementFacadeImpl.getElement(WebElementFacadeImpl.java:221)
	at net.serenitybdd.core.pages.WebElementFacadeImpl.click(WebElementFacadeImpl.java:1231)
	at sun.reflect.GeneratedMethodAccessor69.invoke(Unknown Source)
	at sun.reflect.DelegatingMethodAccessorImpl.invoke(DelegatingMethodAccessorImpl.java:43)
	at java.lang.reflect.Method.invoke(Method.java:498)
	at net.thucydides.core.annotations.locators.AbstractSingleItemHandler.invoke(AbstractSingleItemHandler.java:45)
	at com.sun.proxy.$Proxy27.click(Unknown Source)
	at com.indra.actions.InventoryAllocationActions.bulkLoad(InventoryAllocationActions.java:78)
	at com.indra.actions.InventoryAllocationActions.loadInventory(InventoryAllocationActions.java:37)
	at com.indra.steps_definitions.SanitySteps.seIngresaACargueDeInventario(SanitySteps.java:76)
	at ?.Se ingresa a cargue de inventario(src/test/resources/features/execute.feature:17)

net.thucydides.core.webdriver.exceptions.ElementShouldBePresentException: Expected condition failed: waiting for CesionPortalCRMPage.mensajes to be present (tried for 22 second(s) with 100 milliseconds interval)
Build info: version: '3.141.59', revision: 'e82be7d358', time: '2018-11-14T08:17:03'
System info: host: '22LAP5CD1195RQX', ip: '192.168.10.29', os.name: 'Windows 10', os.arch: 'amd64', os.version: '10.0', java.version: '1.8.0_291'
Driver info: driver.version: unknown
	at net.serenitybdd.core.pages.WebElementFacadeImpl.throwShouldBePresentErrorWithCauseIfPresent(WebElementFacadeImpl.java:1061)
	at net.serenitybdd.core.pages.WebElementFacadeImpl.waitUntilPresent(WebElementFacadeImpl.java:1034)
	at sun.reflect.NativeMethodAccessorImpl.invoke0(Native Method)
	at sun.reflect.NativeMethodAccessorImpl.invoke(NativeMethodAccessorImpl.java:62)
	at sun.reflect.DelegatingMethodAccessorImpl.invoke(DelegatingMethodAccessorImpl.java:43)
	at java.lang.reflect.Method.invoke(Method.java:498)
	at net.thucydides.core.annotations.locators.AbstractSingleItemHandler.invoke(AbstractSingleItemHandler.java:45)
	at com.sun.proxy.$Proxy27.waitUntilPresent(Unknown Source)
	at com.indra.actions.CesionPortalPosCRMActions.executeContractAssignment(CesionPortalPosCRMActions.java:61)
	at com.indra.steps_definitions.SanitySteps.seHaceLaCesionDeContratoDeUnaLineaPosAPre(SanitySteps.java:153)
	at ?.Se hace la cesion de contrato de una linea pos a pre(src/test/resources/features/execute.feature:46)
Caused by: org.openqa.selenium.TimeoutException: Expected condition failed: waiting for CesionPortalCRMPage.mensajes to be present (tried for 22 second(s) with 100 milliseconds interval)
Build info: version: '3.141.59', revision: 'e82be7d358', time: '2018-11-14T08:17:03'
System info: host: '22LAP5CD1195RQX', ip: '192.168.10.29', os.name: 'Windows 10', os.arch: 'amd64', os.version: '10.0', java.version: '1.8.0_291'
Driver info: driver.version: unknown
	at org.openqa.selenium.support.ui.FluentWait.timeoutException(FluentWait.java:304)
	at org.openqa.selenium.support.ui.FluentWait.until(FluentWait.java:272)
	at net.serenitybdd.core.pages.WebElementFacadeImpl.waitUntilPresent(WebElementFacadeImpl.java:1031)
	at sun.reflect.NativeMethodAccessorImpl.invoke0(Native Method)
	at sun.reflect.NativeMethodAccessorImpl.invoke(NativeMethodAccessorImpl.java:62)
	at sun.reflect.DelegatingMethodAccessorImpl.invoke(DelegatingMethodAccessorImpl.java:43)
	at java.lang.reflect.Method.invoke(Method.java:498)
	at net.thucydides.core.annotations.locators.AbstractSingleItemHandler.invoke(AbstractSingleItemHandler.java:45)
	at com.sun.proxy.$Proxy27.waitUntilPresent(Unknown Source)
	at com.indra.actions.CesionPortalPosCRMActions.executeContractAssignment(CesionPortalPosCRMActions.java:61)
	at com.indra.steps_definitions.SanitySteps.seHaceLaCesionDeContratoDeUnaLineaPosAPre(SanitySteps.java:153)
	at sun.reflect.NativeMethodAccessorImpl.invoke0(Native Method)
	at sun.reflect.NativeMethodAccessorImpl.invoke(NativeMethodAccessorImpl.java:62)
	at sun.reflect.DelegatingMethodAccessorImpl.invoke(DelegatingMethodAccessorImpl.java:43)
	at java.lang.reflect.Method.invoke(Method.java:498)
	at cucumber.runtime.Utils$1.call(Utils.java:31)
	at cucumber.runtime.Timeout.timeout(Timeout.java:16)
	at cucumber.runtime.Utils.invoke(Utils.java:25)
	at cucumber.runtime.java.JavaStepDefinition.execute(JavaStepDefinition.java:37)
	at cucumber.runtime.StepDefinitionMatch.runStep(StepDefinitionMatch.java:40)
	at cucumber.api.TestStep.executeStep(TestStep.java:102)
	at cucumber.api.TestStep.run(TestStep.java:83)
	at cucumber.api.TestCase.run(TestCase.java:58)
	at cucumber.runner.Runner.runPickle(Runner.java:80)
	at cucumber.runtime.junit.PickleRunners$NoStepDescriptions.run(PickleRunners.java:140)
	at cucumber.runtime.junit.FeatureRunner.runChild(FeatureRunner.java:68)
	at cucumber.runtime.junit.FeatureRunner.runChild(FeatureRunner.java:23)
	at org.junit.runners.ParentRunner$4.run(ParentRunner.java:331)
	at org.junit.runners.ParentRunner$1.schedule(ParentRunner.java:79)
	at org.junit.runners.ParentRunner.runChildren(ParentRunner.java:329)
	at org.junit.runners.ParentRunner.access$100(ParentRunner.java:66)
	at org.junit.runners.ParentRunner$2.evaluate(ParentRunner.java:293)
	at org.junit.runners.ParentRunner$3.evaluate(ParentRunner.java:306)
	at org.junit.runners.ParentRunner.run(ParentRunner.java:413)
	at cucumber.runtime.junit.FeatureRunner.run(FeatureRunner.java:73)
	at cucumber.api.junit.Cucumber.runChild(Cucumber.java:118)
	at cucumber.api.junit.Cucumber.runChild(Cucumber.java:56)
	at org.junit.runners.ParentRunner$4.run(ParentRunner.java:331)
	at org.junit.runners.ParentRunner$1.schedule(ParentRunner.java:79)
	at org.junit.runners.ParentRunner.runChildren(ParentRunner.java:329)
	at org.junit.runners.ParentRunner.access$100(ParentRunner.java:66)
	at org.junit.runners.ParentRunner$2.evaluate(ParentRunner.java:293)
	at cucumber.api.junit.Cucumber$1.evaluate(Cucumber.java:127)
	at org.junit.runners.ParentRunner$3.evaluate(ParentRunner.java:306)
	at org.junit.runners.ParentRunner.run(ParentRunner.java:413)
	at org.gradle.api.internal.tasks.testing.junit.JUnitTestClassExecutor.runTestClass(JUnitTestClassExecutor.java:110)
	at org.gradle.api.internal.tasks.testing.junit.JUnitTestClassExecutor.execute(JUnitTestClassExecutor.java:58)
	at org.gradle.api.internal.tasks.testing.junit.JUnitTestClassExecutor.execute(JUnitTestClassExecutor.java:38)
	at org.gradle.api.internal.tasks.testing.junit.AbstractJUnitTestClassProcessor.processTestClass(AbstractJUnitTestClassProcessor.java:62)
	at org.gradle.api.internal.tasks.testing.SuiteTestClassProcessor.processTestClass(SuiteTestClassProcessor.java:51)
	at sun.reflect.NativeMethodAccessorImpl.invoke0(Native Method)
	at sun.reflect.NativeMethodAccessorImpl.invoke(NativeMethodAccessorImpl.java:62)
	at sun.reflect.DelegatingMethodAccessorImpl.invoke(DelegatingMethodAccessorImpl.java:43)
	at java.lang.reflect.Method.invoke(Method.java:498)
	at org.gradle.internal.dispatch.ReflectionDispatch.dispatch(ReflectionDispatch.java:36)
	at org.gradle.internal.dispatch.ReflectionDispatch.dispatch(ReflectionDispatch.java:24)
	at org.gradle.internal.dispatch.ContextClassLoaderDispatch.dispatch(ContextClassLoaderDispatch.java:33)
	at org.gradle.internal.dispatch.ProxyDispatchAdapter$DispatchingInvocationHandler.invoke(ProxyDispatchAdapter.java:94)
	at com.sun.proxy.$Proxy2.processTestClass(Unknown Source)
	at org.gradle.api.internal.tasks.testing.worker.TestWorker.processTestClass(TestWorker.java:121)
	at sun.reflect.NativeMethodAccessorImpl.invoke0(Native Method)
	at sun.reflect.NativeMethodAccessorImpl.invoke(NativeMethodAccessorImpl.java:62)
	at sun.reflect.DelegatingMethodAccessorImpl.invoke(DelegatingMethodAccessorImpl.java:43)
	at java.lang.reflect.Method.invoke(Method.java:498)
	at org.gradle.internal.dispatch.ReflectionDispatch.dispatch(ReflectionDispatch.java:36)
	at org.gradle.internal.dispatch.ReflectionDispatch.dispatch(ReflectionDispatch.java:24)
	at org.gradle.internal.remote.internal.hub.MessageHubBackedObjectConnection$DispatchWrapper.dispatch(MessageHubBackedObjectConnection.java:182)
	at org.gradle.internal.remote.internal.hub.MessageHubBackedObjectConnection$DispatchWrapper.dispatch(MessageHubBackedObjectConnection.java:164)
	at org.gradle.internal.remote.internal.hub.MessageHub$Handler.run(MessageHub.java:414)
	at org.gradle.internal.concurrent.ExecutorPolicy$CatchAndRecordFailures.onExecute(ExecutorPolicy.java:64)
	at org.gradle.internal.concurrent.ManagedExecutorImpl$1.run(ManagedExecutorImpl.java:48)
	at java.util.concurrent.ThreadPoolExecutor.runWorker(ThreadPoolExecutor.java:1149)
	at java.util.concurrent.ThreadPoolExecutor$Worker.run(ThreadPoolExecutor.java:624)
	at org.gradle.internal.concurrent.ThreadFactoryImpl$ManagedThreadRunnable.run(ThreadFactoryImpl.java:56)
	at java.lang.Thread.run(Thread.java:748)

java.lang.AssertionError: La activacion fue exitosa
Expected: "ACTIVACION EXITOSA"
     but: was "Ha ocurrido un error"
	at org.hamcrest.MatcherAssert.assertThat(MatcherAssert.java:20)
	at com.indra.actions.AvangerActivationActions.demographicInformation(AvangerActivationActions.java:88)
	at com.indra.steps_definitions.SanitySteps.seHaceActivacionDeUnaLineaAvanger(SanitySteps.java:169)
	at ?.Se hace activacion de una linea avanger(src/test/resources/features/execute.feature:52)

java.lang.AssertionError: el plan es prepago
Expected: a string containing "Plan Tigo Prepago"
     but: was "Pospago 5.1 Empresarial"
	at org.hamcrest.MatcherAssert.assertThat(MatcherAssert.java:20)
	at com.indra.actions.PrepaidActivationActions.consultSingleScreen(PrepaidActivationActions.java:90)
	at com.indra.steps_definitions.SanitySteps.seDeberiaVerEnPantallaUnicaLaLineaEnPlanPos(SanitySteps.java:187)
	at ?.Se deberia ver en pantalla unica la linea en plan pos(src/test/resources/features/execute.feature:59)

org.openqa.selenium.ElementClickInterceptedException: Element <input name="PlanschangeForm:j_id230" type="submit"> is not clickable at point (722,185) because another element <div id="ajaxLoadingModalBoxDiv" class="rich-mpnl-mask-div-opaque rich-mpnl-mask-div"> obscures it
Build info: version: '3.141.59', revision: 'e82be7d358', time: '2018-11-14T08:17:03'
System info: host: '22LAP5CD1195RQX', ip: '192.168.10.29', os.name: 'Windows 10', os.arch: 'amd64', os.version: '10.0', java.version: '1.8.0_291'
Driver info: org.openqa.selenium.firefox.FirefoxDriver
Capabilities {acceptInsecureCerts: true, browserName: firefox, browserVersion: 72.0.2, javascriptEnabled: true, moz:accessibilityChecks: false, moz:buildID: 20200117190643, moz:geckodriverVersion: 0.29.0, moz:headless: false, moz:processID: 24792, moz:profile: C:\Users\nriosa\AppData\Loc..., moz:shutdownTimeout: 60000, moz:useNonSpecCompliantPointerOrigin: false, moz:webdriverClick: true, pageLoadStrategy: normal, platform: WINDOWS, platformName: WINDOWS, platformVersion: 10.0, rotatable: false, setWindowRect: true, strictFileInteractability: false, timeouts: {implicit: 0, pageLoad: 300000, script: 30000}, unhandledPromptBehavior: dismiss and notify}
Session ID: 00c517b7-3b89-4f0f-af73-53a6ebb50f8e
	at sun.reflect.NativeConstructorAccessorImpl.newInstance0(Native Method)
	at sun.reflect.NativeConstructorAccessorImpl.newInstance(NativeConstructorAccessorImpl.java:62)
	at sun.reflect.DelegatingConstructorAccessorImpl.newInstance(DelegatingConstructorAccessorImpl.java:45)
	at java.lang.reflect.Constructor.newInstance(Constructor.java:423)
	at org.openqa.selenium.remote.http.W3CHttpResponseCodec.createException(W3CHttpResponseCodec.java:187)
	at org.openqa.selenium.remote.http.W3CHttpResponseCodec.decode(W3CHttpResponseCodec.java:122)
	at org.openqa.selenium.remote.http.W3CHttpResponseCodec.decode(W3CHttpResponseCodec.java:49)
	at org.openqa.selenium.remote.HttpCommandExecutor.execute(HttpCommandExecutor.java:158)
	at org.openqa.selenium.remote.service.DriverCommandExecutor.execute(DriverCommandExecutor.java:83)
	at org.openqa.selenium.remote.RemoteWebDriver.execute(RemoteWebDriver.java:552)
	at org.openqa.selenium.remote.RemoteWebElement.execute(RemoteWebElement.java:285)
	at org.openqa.selenium.remote.RemoteWebElement.click(RemoteWebElement.java:84)
	at net.serenitybdd.core.pages.WebElementFacadeImpl.click(WebElementFacadeImpl.java:1231)
	at sun.reflect.GeneratedMethodAccessor69.invoke(Unknown Source)
	at sun.reflect.DelegatingMethodAccessorImpl.invoke(DelegatingMethodAccessorImpl.java:43)
	at java.lang.reflect.Method.invoke(Method.java:498)
	at net.thucydides.core.annotations.locators.AbstractSingleItemHandler.invoke(AbstractSingleItemHandler.java:45)
	at com.sun.proxy.$Proxy27.click(Unknown Source)
	at com.indra.actions.CambioPrePosActions.executeContractAssignment(CambioPrePosActions.java:32)
	at com.indra.steps_definitions.SanitySteps.seHaceElCambioPlanDePreAPos(SanitySteps.java:195)
	at ?.Se hace el cambio plan de pre a pos(src/test/resources/features/execute.feature:64)

net.thucydides.core.webdriver.exceptions.ElementShouldBePresentException: Expected condition failed: waiting for SuspentionPage.messageOfResults to be present (tried for 22 second(s) with 100 milliseconds interval)
Build info: version: '3.141.59', revision: 'e82be7d358', time: '2018-11-14T08:17:03'
System info: host: '22LAP5CD1195RQX', ip: '192.168.10.29', os.name: 'Windows 10', os.arch: 'amd64', os.version: '10.0', java.version: '1.8.0_291'
Driver info: driver.version: unknown
	at net.serenitybdd.core.pages.WebElementFacadeImpl.throwShouldBePresentErrorWithCauseIfPresent(WebElementFacadeImpl.java:1061)
	at net.serenitybdd.core.pages.WebElementFacadeImpl.waitUntilPresent(WebElementFacadeImpl.java:1034)
	at sun.reflect.GeneratedMethodAccessor71.invoke(Unknown Source)
	at sun.reflect.DelegatingMethodAccessorImpl.invoke(DelegatingMethodAccessorImpl.java:43)
	at java.lang.reflect.Method.invoke(Method.java:498)
	at net.thucydides.core.annotations.locators.AbstractSingleItemHandler.invoke(AbstractSingleItemHandler.java:45)
	at com.sun.proxy.$Proxy27.waitUntilPresent(Unknown Source)
	at com.indra.actions.SuspentionActions.executeSuspentionOfLine(SuspentionActions.java:38)
	at com.indra.steps_definitions.SanitySteps.seEjecutaLaSuspensionDeLaLinea(SanitySteps.java:210)
	at ?.Se ejecuta la suspension de la linea(src/test/resources/features/execute.feature:70)
Caused by: org.openqa.selenium.TimeoutException: Expected condition failed: waiting for SuspentionPage.messageOfResults to be present (tried for 22 second(s) with 100 milliseconds interval)
Build info: version: '3.141.59', revision: 'e82be7d358', time: '2018-11-14T08:17:03'
System info: host: '22LAP5CD1195RQX', ip: '192.168.10.29', os.name: 'Windows 10', os.arch: 'amd64', os.version: '10.0', java.version: '1.8.0_291'
Driver info: driver.version: unknown
	at org.openqa.selenium.support.ui.FluentWait.timeoutException(FluentWait.java:304)
	at org.openqa.selenium.support.ui.FluentWait.until(FluentWait.java:272)
	at net.serenitybdd.core.pages.WebElementFacadeImpl.waitUntilPresent(WebElementFacadeImpl.java:1031)
	at sun.reflect.GeneratedMethodAccessor71.invoke(Unknown Source)
	at sun.reflect.DelegatingMethodAccessorImpl.invoke(DelegatingMethodAccessorImpl.java:43)
	at java.lang.reflect.Method.invoke(Method.java:498)
	at net.thucydides.core.annotations.locators.AbstractSingleItemHandler.invoke(AbstractSingleItemHandler.java:45)
	at com.sun.proxy.$Proxy27.waitUntilPresent(Unknown Source)
	at com.indra.actions.SuspentionActions.executeSuspentionOfLine(SuspentionActions.java:38)
	at com.indra.steps_definitions.SanitySteps.seEjecutaLaSuspensionDeLaLinea(SanitySteps.java:210)
	at sun.reflect.NativeMethodAccessorImpl.invoke0(Native Method)
	at sun.reflect.NativeMethodAccessorImpl.invoke(NativeMethodAccessorImpl.java:62)
	at sun.reflect.DelegatingMethodAccessorImpl.invoke(DelegatingMethodAccessorImpl.java:43)
	at java.lang.reflect.Method.invoke(Method.java:498)
	at cucumber.runtime.Utils$1.call(Utils.java:31)
	at cucumber.runtime.Timeout.timeout(Timeout.java:16)
	at cucumber.runtime.Utils.invoke(Utils.java:25)
	at cucumber.runtime.java.JavaStepDefinition.execute(JavaStepDefinition.java:37)
	at cucumber.runtime.StepDefinitionMatch.runStep(StepDefinitionMatch.java:40)
	at cucumber.api.TestStep.executeStep(TestStep.java:102)
	at cucumber.api.TestStep.run(TestStep.java:83)
	at cucumber.api.TestCase.run(TestCase.java:58)
	at cucumber.runner.Runner.runPickle(Runner.java:80)
	at cucumber.runtime.junit.PickleRunners$NoStepDescriptions.run(PickleRunners.java:140)
	at cucumber.runtime.junit.FeatureRunner.runChild(FeatureRunner.java:68)
	at cucumber.runtime.junit.FeatureRunner.runChild(FeatureRunner.java:23)
	at org.junit.runners.ParentRunner$4.run(ParentRunner.java:331)
	at org.junit.runners.ParentRunner$1.schedule(ParentRunner.java:79)
	at org.junit.runners.ParentRunner.runChildren(ParentRunner.java:329)
	at org.junit.runners.ParentRunner.access$100(ParentRunner.java:66)
	at org.junit.runners.ParentRunner$2.evaluate(ParentRunner.java:293)
	at org.junit.runners.ParentRunner$3.evaluate(ParentRunner.java:306)
	at org.junit.runners.ParentRunner.run(ParentRunner.java:413)
	at cucumber.runtime.junit.FeatureRunner.run(FeatureRunner.java:73)
	at cucumber.api.junit.Cucumber.runChild(Cucumber.java:118)
	at cucumber.api.junit.Cucumber.runChild(Cucumber.java:56)
	at org.junit.runners.ParentRunner$4.run(ParentRunner.java:331)
	at org.junit.runners.ParentRunner$1.schedule(ParentRunner.java:79)
	at org.junit.runners.ParentRunner.runChildren(ParentRunner.java:329)
	at org.junit.runners.ParentRunner.access$100(ParentRunner.java:66)
	at org.junit.runners.ParentRunner$2.evaluate(ParentRunner.java:293)
	at cucumber.api.junit.Cucumber$1.evaluate(Cucumber.java:127)
	at org.junit.runners.ParentRunner$3.evaluate(ParentRunner.java:306)
	at org.junit.runners.ParentRunner.run(ParentRunner.java:413)
	at org.gradle.api.internal.tasks.testing.junit.JUnitTestClassExecutor.runTestClass(JUnitTestClassExecutor.java:110)
	at org.gradle.api.internal.tasks.testing.junit.JUnitTestClassExecutor.execute(JUnitTestClassExecutor.java:58)
	at org.gradle.api.internal.tasks.testing.junit.JUnitTestClassExecutor.execute(JUnitTestClassExecutor.java:38)
	at org.gradle.api.internal.tasks.testing.junit.AbstractJUnitTestClassProcessor.processTestClass(AbstractJUnitTestClassProcessor.java:62)
	at org.gradle.api.internal.tasks.testing.SuiteTestClassProcessor.processTestClass(SuiteTestClassProcessor.java:51)
	at sun.reflect.NativeMethodAccessorImpl.invoke0(Native Method)
	at sun.reflect.NativeMethodAccessorImpl.invoke(NativeMethodAccessorImpl.java:62)
	at sun.reflect.DelegatingMethodAccessorImpl.invoke(DelegatingMethodAccessorImpl.java:43)
	at java.lang.reflect.Method.invoke(Method.java:498)
	at org.gradle.internal.dispatch.ReflectionDispatch.dispatch(ReflectionDispatch.java:36)
	at org.gradle.internal.dispatch.ReflectionDispatch.dispatch(ReflectionDispatch.java:24)
	at org.gradle.internal.dispatch.ContextClassLoaderDispatch.dispatch(ContextClassLoaderDispatch.java:33)
	at org.gradle.internal.dispatch.ProxyDispatchAdapter$DispatchingInvocationHandler.invoke(ProxyDispatchAdapter.java:94)
	at com.sun.proxy.$Proxy2.processTestClass(Unknown Source)
	at org.gradle.api.internal.tasks.testing.worker.TestWorker.processTestClass(TestWorker.java:121)
	at sun.reflect.NativeMethodAccessorImpl.invoke0(Native Method)
	at sun.reflect.NativeMethodAccessorImpl.invoke(NativeMethodAccessorImpl.java:62)
	at sun.reflect.DelegatingMethodAccessorImpl.invoke(DelegatingMethodAccessorImpl.java:43)
	at java.lang.reflect.Method.invoke(Method.java:498)
	at org.gradle.internal.dispatch.ReflectionDispatch.dispatch(ReflectionDispatch.java:36)
	at org.gradle.internal.dispatch.ReflectionDispatch.dispatch(ReflectionDispatch.java:24)
	at org.gradle.internal.remote.internal.hub.MessageHubBackedObjectConnection$DispatchWrapper.dispatch(MessageHubBackedObjectConnection.java:182)
	at org.gradle.internal.remote.internal.hub.MessageHubBackedObjectConnection$DispatchWrapper.dispatch(MessageHubBackedObjectConnection.java:164)
	at org.gradle.internal.remote.internal.hub.MessageHub$Handler.run(MessageHub.java:414)
	at org.gradle.internal.concurrent.ExecutorPolicy$CatchAndRecordFailures.onExecute(ExecutorPolicy.java:64)
	at org.gradle.internal.concurrent.ManagedExecutorImpl$1.run(ManagedExecutorImpl.java:48)
	at java.util.concurrent.ThreadPoolExecutor.runWorker(ThreadPoolExecutor.java:1149)
	at java.util.concurrent.ThreadPoolExecutor$Worker.run(ThreadPoolExecutor.java:624)
	at org.gradle.internal.concurrent.ThreadFactoryImpl$ManagedThreadRunnable.run(ThreadFactoryImpl.java:56)
	at java.lang.Thread.run(Thread.java:748)

net.thucydides.core.webdriver.exceptions.ElementShouldBeEnabledException: Expected enabled element was not enabled
	at net.serenitybdd.core.pages.WebElementFacadeImpl.waitUntilEnabled(WebElementFacadeImpl.java:1149)
	at net.serenitybdd.core.pages.WebElementFacadeImpl.waitUntilElementAvailable(WebElementFacadeImpl.java:954)
	at net.serenitybdd.core.pages.WebElementFacadeImpl.click(WebElementFacadeImpl.java:1229)
	at sun.reflect.GeneratedMethodAccessor69.invoke(Unknown Source)
	at sun.reflect.DelegatingMethodAccessorImpl.invoke(DelegatingMethodAccessorImpl.java:43)
	at java.lang.reflect.Method.invoke(Method.java:498)
	at net.thucydides.core.annotations.locators.AbstractSingleItemHandler.invoke(AbstractSingleItemHandler.java:45)
	at com.sun.proxy.$Proxy27.click(Unknown Source)
	at com.indra.actions.PortabilityPostActivationActions.solicitudNip(PortabilityPostActivationActions.java:68)
	at com.indra.actions.PortabilityPostActivationActions.initialRute(PortabilityPostActivationActions.java:111)
	at com.indra.steps_definitions.SanitySteps.seHaceLaSolicitudDePortabilidad(SanitySteps.java:237)
	at ?.se hace la solicitud de portabilidad(src/test/resources/features/execute.feature:82)
Caused by: org.openqa.selenium.TimeoutException: Expected condition failed: waiting for PortabilityPostActivationPage.portabilidadNumerica to be enabled (tried for 22 second(s) with 100 milliseconds interval)
	at org.openqa.selenium.support.ui.FluentWait.timeoutException(FluentWait.java:304)
	at org.openqa.selenium.support.ui.FluentWait.until(FluentWait.java:272)
	at net.serenitybdd.core.pages.WebElementFacadeImpl.waitUntilEnabled(WebElementFacadeImpl.java:1146)
	at net.serenitybdd.core.pages.WebElementFacadeImpl.waitUntilElementAvailable(WebElementFacadeImpl.java:954)
	at net.serenitybdd.core.pages.WebElementFacadeImpl.click(WebElementFacadeImpl.java:1229)
	at sun.reflect.GeneratedMethodAccessor69.invoke(Unknown Source)
	at sun.reflect.DelegatingMethodAccessorImpl.invoke(DelegatingMethodAccessorImpl.java:43)
	at java.lang.reflect.Method.invoke(Method.java:498)
	at net.thucydides.core.annotations.locators.AbstractSingleItemHandler.invoke(AbstractSingleItemHandler.java:45)
	at com.sun.proxy.$Proxy27.click(Unknown Source)
	at com.indra.actions.PortabilityPostActivationActions.solicitudNip(PortabilityPostActivationActions.java:68)
	at com.indra.actions.PortabilityPostActivationActions.initialRute(PortabilityPostActivationActions.java:111)
	at com.indra.steps_definitions.SanitySteps.seHaceLaSolicitudDePortabilidad(SanitySteps.java:237)
	at sun.reflect.NativeMethodAccessorImpl.invoke0(Native Method)
	at sun.reflect.NativeMethodAccessorImpl.invoke(NativeMethodAccessorImpl.java:62)
	at sun.reflect.DelegatingMethodAccessorImpl.invoke(DelegatingMethodAccessorImpl.java:43)
	at java.lang.reflect.Method.invoke(Method.java:498)
	at cucumber.runtime.Utils$1.call(Utils.java:31)
	at cucumber.runtime.Timeout.timeout(Timeout.java:16)
	at cucumber.runtime.Utils.invoke(Utils.java:25)
	at cucumber.runtime.java.JavaStepDefinition.execute(JavaStepDefinition.java:37)
	at cucumber.runtime.StepDefinitionMatch.runStep(StepDefinitionMatch.java:40)
	at cucumber.api.TestStep.executeStep(TestStep.java:102)
	at cucumber.api.TestStep.run(TestStep.java:83)
	at cucumber.api.TestCase.run(TestCase.java:58)
	at cucumber.runner.Runner.runPickle(Runner.java:80)
	at cucumber.runtime.junit.PickleRunners$NoStepDescriptions.run(PickleRunners.java:140)
	at cucumber.runtime.junit.FeatureRunner.runChild(FeatureRunner.java:68)
	at cucumber.runtime.junit.FeatureRunner.runChild(FeatureRunner.java:23)
	at org.junit.runners.ParentRunner$4.run(ParentRunner.java:331)
	at org.junit.runners.ParentRunner$1.schedule(ParentRunner.java:79)
	at org.junit.runners.ParentRunner.runChildren(ParentRunner.java:329)
	at org.junit.runners.ParentRunner.access$100(ParentRunner.java:66)
	at org.junit.runners.ParentRunner$2.evaluate(ParentRunner.java:293)
	at org.junit.runners.ParentRunner$3.evaluate(ParentRunner.java:306)
	at org.junit.runners.ParentRunner.run(ParentRunner.java:413)
	at cucumber.runtime.junit.FeatureRunner.run(FeatureRunner.java:73)
	at cucumber.api.junit.Cucumber.runChild(Cucumber.java:118)
	at cucumber.api.junit.Cucumber.runChild(Cucumber.java:56)
	at org.junit.runners.ParentRunner$4.run(ParentRunner.java:331)
	at org.junit.runners.ParentRunner$1.schedule(ParentRunner.java:79)
	at org.junit.runners.ParentRunner.runChildren(ParentRunner.java:329)
	at org.junit.runners.ParentRunner.access$100(ParentRunner.java:66)
	at org.junit.runners.ParentRunner$2.evaluate(ParentRunner.java:293)
	at cucumber.api.junit.Cucumber$1.evaluate(Cucumber.java:127)
	at org.junit.runners.ParentRunner$3.evaluate(ParentRunner.java:306)
	at org.junit.runners.ParentRunner.run(ParentRunner.java:413)
	at org.gradle.api.internal.tasks.testing.junit.JUnitTestClassExecutor.runTestClass(JUnitTestClassExecutor.java:110)
	at org.gradle.api.internal.tasks.testing.junit.JUnitTestClassExecutor.execute(JUnitTestClassExecutor.java:58)
	at org.gradle.api.internal.tasks.testing.junit.JUnitTestClassExecutor.execute(JUnitTestClassExecutor.java:38)
	at org.gradle.api.internal.tasks.testing.junit.AbstractJUnitTestClassProcessor.processTestClass(AbstractJUnitTestClassProcessor.java:62)
	at org.gradle.api.internal.tasks.testing.SuiteTestClassProcessor.processTestClass(SuiteTestClassProcessor.java:51)
	at sun.reflect.NativeMethodAccessorImpl.invoke0(Native Method)
	at sun.reflect.NativeMethodAccessorImpl.invoke(NativeMethodAccessorImpl.java:62)
	at sun.reflect.DelegatingMethodAccessorImpl.invoke(DelegatingMethodAccessorImpl.java:43)
	at java.lang.reflect.Method.invoke(Method.java:498)
	at org.gradle.internal.dispatch.ReflectionDispatch.dispatch(ReflectionDispatch.java:36)
	at org.gradle.internal.dispatch.ReflectionDispatch.dispatch(ReflectionDispatch.java:24)
	at org.gradle.internal.dispatch.ContextClassLoaderDispatch.dispatch(ContextClassLoaderDispatch.java:33)
	at org.gradle.internal.dispatch.ProxyDispatchAdapter$DispatchingInvocationHandler.invoke(ProxyDispatchAdapter.java:94)
	at com.sun.proxy.$Proxy2.processTestClass(Unknown Source)
	at org.gradle.api.internal.tasks.testing.worker.TestWorker.processTestClass(TestWorker.java:121)
	at sun.reflect.NativeMethodAccessorImpl.invoke0(Native Method)
	at sun.reflect.NativeMethodAccessorImpl.invoke(NativeMethodAccessorImpl.java:62)
	at sun.reflect.DelegatingMethodAccessorImpl.invoke(DelegatingMethodAccessorImpl.java:43)
	at java.lang.reflect.Method.invoke(Method.java:498)
	at org.gradle.internal.dispatch.ReflectionDispatch.dispatch(ReflectionDispatch.java:36)
	at org.gradle.internal.dispatch.ReflectionDispatch.dispatch(ReflectionDispatch.java:24)
	at org.gradle.internal.remote.internal.hub.MessageHubBackedObjectConnection$DispatchWrapper.dispatch(MessageHubBackedObjectConnection.java:182)
	at org.gradle.internal.remote.internal.hub.MessageHubBackedObjectConnection$DispatchWrapper.dispatch(MessageHubBackedObjectConnection.java:164)
	at org.gradle.internal.remote.internal.hub.MessageHub$Handler.run(MessageHub.java:414)
	at org.gradle.internal.concurrent.ExecutorPolicy$CatchAndRecordFailures.onExecute(ExecutorPolicy.java:64)
	at org.gradle.internal.concurrent.ManagedExecutorImpl$1.run(ManagedExecutorImpl.java:48)
	at java.util.concurrent.ThreadPoolExecutor.runWorker(ThreadPoolExecutor.java:1149)
	at java.util.concurrent.ThreadPoolExecutor$Worker.run(ThreadPoolExecutor.java:624)
	at org.gradle.internal.concurrent.ThreadFactoryImpl$ManagedThreadRunnable.run(ThreadFactoryImpl.java:56)
	at java.lang.Thread.run(Thread.java:748)
Caused by: org.openqa.selenium.NoSuchElementException: Timed out after 25 seconds. Element not found
For documentation on this error, please visit: https://www.seleniumhq.org/exceptions/no_such_element.html
Build info: version: '3.141.59', revision: 'e82be7d358', time: '2018-11-14T08:17:03'
System info: host: '22LAP5CD1195RQX', ip: '192.168.10.29', os.name: 'Windows 10', os.arch: 'amd64', os.version: '10.0', java.version: '1.8.0_291'
Driver info: driver.version: unknown
	at net.thucydides.core.annotations.locators.SmartAjaxElementLocator.ajaxFindElement(SmartAjaxElementLocator.java:166)
	at net.thucydides.core.annotations.locators.SmartAjaxElementLocator.findElement(SmartAjaxElementLocator.java:118)
	at net.serenitybdd.core.pages.WebElementResolverByElementLocator.resolveForDriver(WebElementResolverByElementLocator.java:30)
	at net.serenitybdd.core.pages.WebElementFacadeImpl.getElement(WebElementFacadeImpl.java:221)
	at net.serenitybdd.core.pages.WebElementExpectations$3.apply(WebElementExpectations.java:63)
	at net.serenitybdd.core.pages.WebElementExpectations$3.apply(WebElementExpectations.java:55)
	at org.openqa.selenium.support.ui.FluentWait.until(FluentWait.java:249)
	... 75 more

net.thucydides.core.webdriver.exceptions.ElementShouldBeEnabledException: Expected enabled element was not enabled
	at net.serenitybdd.core.pages.WebElementFacadeImpl.waitUntilEnabled(WebElementFacadeImpl.java:1149)
	at net.serenitybdd.core.pages.WebElementFacadeImpl.waitUntilElementAvailable(WebElementFacadeImpl.java:954)
	at net.serenitybdd.core.pages.WebElementFacadeImpl.click(WebElementFacadeImpl.java:1229)
	at sun.reflect.GeneratedMethodAccessor69.invoke(Unknown Source)
	at sun.reflect.DelegatingMethodAccessorImpl.invoke(DelegatingMethodAccessorImpl.java:43)
	at java.lang.reflect.Method.invoke(Method.java:498)
	at net.thucydides.core.annotations.locators.AbstractSingleItemHandler.invoke(AbstractSingleItemHandler.java:45)
	at com.sun.proxy.$Proxy27.click(Unknown Source)
	at com.indra.actions.PortabilityPrepaidActions.cLickNumberPortability(PortabilityPrepaidActions.java:329)
	at com.indra.actions.PortabilityPrepaidActions.initialRuteRequestPortability(PortabilityPrepaidActions.java:309)
	at com.indra.actions.PortabilityPrepaidActions.makePortabilityRequestAndDB(PortabilityPrepaidActions.java:30)
	at com.indra.steps_definitions.SanitySteps.seHaceLaSolicitudDePortabilidadPrepago(SanitySteps.java:278)
	at ?.se hace la solicitud de portabilidad prepago(src/test/resources/features/execute.feature:93)
Caused by: org.openqa.selenium.TimeoutException: Expected condition failed: waiting for PortabilityPrepaidPage.portabilidadNumerica to be enabled (tried for 22 second(s) with 100 milliseconds interval)
	at org.openqa.selenium.support.ui.FluentWait.timeoutException(FluentWait.java:304)
	at org.openqa.selenium.support.ui.FluentWait.until(FluentWait.java:272)
	at net.serenitybdd.core.pages.WebElementFacadeImpl.waitUntilEnabled(WebElementFacadeImpl.java:1146)
	at net.serenitybdd.core.pages.WebElementFacadeImpl.waitUntilElementAvailable(WebElementFacadeImpl.java:954)
	at net.serenitybdd.core.pages.WebElementFacadeImpl.click(WebElementFacadeImpl.java:1229)
	at sun.reflect.GeneratedMethodAccessor69.invoke(Unknown Source)
	at sun.reflect.DelegatingMethodAccessorImpl.invoke(DelegatingMethodAccessorImpl.java:43)
	at java.lang.reflect.Method.invoke(Method.java:498)
	at net.thucydides.core.annotations.locators.AbstractSingleItemHandler.invoke(AbstractSingleItemHandler.java:45)
	at com.sun.proxy.$Proxy27.click(Unknown Source)
	at com.indra.actions.PortabilityPrepaidActions.cLickNumberPortability(PortabilityPrepaidActions.java:329)
	at com.indra.actions.PortabilityPrepaidActions.initialRuteRequestPortability(PortabilityPrepaidActions.java:309)
	at com.indra.actions.PortabilityPrepaidActions.makePortabilityRequestAndDB(PortabilityPrepaidActions.java:30)
	at com.indra.steps_definitions.SanitySteps.seHaceLaSolicitudDePortabilidadPrepago(SanitySteps.java:278)
	at sun.reflect.NativeMethodAccessorImpl.invoke0(Native Method)
	at sun.reflect.NativeMethodAccessorImpl.invoke(NativeMethodAccessorImpl.java:62)
	at sun.reflect.DelegatingMethodAccessorImpl.invoke(DelegatingMethodAccessorImpl.java:43)
	at java.lang.reflect.Method.invoke(Method.java:498)
	at cucumber.runtime.Utils$1.call(Utils.java:31)
	at cucumber.runtime.Timeout.timeout(Timeout.java:16)
	at cucumber.runtime.Utils.invoke(Utils.java:25)
	at cucumber.runtime.java.JavaStepDefinition.execute(JavaStepDefinition.java:37)
	at cucumber.runtime.StepDefinitionMatch.runStep(StepDefinitionMatch.java:40)
	at cucumber.api.TestStep.executeStep(TestStep.java:102)
	at cucumber.api.TestStep.run(TestStep.java:83)
	at cucumber.api.TestCase.run(TestCase.java:58)
	at cucumber.runner.Runner.runPickle(Runner.java:80)
	at cucumber.runtime.junit.PickleRunners$NoStepDescriptions.run(PickleRunners.java:140)
	at cucumber.runtime.junit.FeatureRunner.runChild(FeatureRunner.java:68)
	at cucumber.runtime.junit.FeatureRunner.runChild(FeatureRunner.java:23)
	at org.junit.runners.ParentRunner$4.run(ParentRunner.java:331)
	at org.junit.runners.ParentRunner$1.schedule(ParentRunner.java:79)
	at org.junit.runners.ParentRunner.runChildren(ParentRunner.java:329)
	at org.junit.runners.ParentRunner.access$100(ParentRunner.java:66)
	at org.junit.runners.ParentRunner$2.evaluate(ParentRunner.java:293)
	at org.junit.runners.ParentRunner$3.evaluate(ParentRunner.java:306)
	at org.junit.runners.ParentRunner.run(ParentRunner.java:413)
	at cucumber.runtime.junit.FeatureRunner.run(FeatureRunner.java:73)
	at cucumber.api.junit.Cucumber.runChild(Cucumber.java:118)
	at cucumber.api.junit.Cucumber.runChild(Cucumber.java:56)
	at org.junit.runners.ParentRunner$4.run(ParentRunner.java:331)
	at org.junit.runners.ParentRunner$1.schedule(ParentRunner.java:79)
	at org.junit.runners.ParentRunner.runChildren(ParentRunner.java:329)
	at org.junit.runners.ParentRunner.access$100(ParentRunner.java:66)
	at org.junit.runners.ParentRunner$2.evaluate(ParentRunner.java:293)
	at cucumber.api.junit.Cucumber$1.evaluate(Cucumber.java:127)
	at org.junit.runners.ParentRunner$3.evaluate(ParentRunner.java:306)
	at org.junit.runners.ParentRunner.run(ParentRunner.java:413)
	at org.gradle.api.internal.tasks.testing.junit.JUnitTestClassExecutor.runTestClass(JUnitTestClassExecutor.java:110)
	at org.gradle.api.internal.tasks.testing.junit.JUnitTestClassExecutor.execute(JUnitTestClassExecutor.java:58)
	at org.gradle.api.internal.tasks.testing.junit.JUnitTestClassExecutor.execute(JUnitTestClassExecutor.java:38)
	at org.gradle.api.internal.tasks.testing.junit.AbstractJUnitTestClassProcessor.processTestClass(AbstractJUnitTestClassProcessor.java:62)
	at org.gradle.api.internal.tasks.testing.SuiteTestClassProcessor.processTestClass(SuiteTestClassProcessor.java:51)
	at sun.reflect.NativeMethodAccessorImpl.invoke0(Native Method)
	at sun.reflect.NativeMethodAccessorImpl.invoke(NativeMethodAccessorImpl.java:62)
	at sun.reflect.DelegatingMethodAccessorImpl.invoke(DelegatingMethodAccessorImpl.java:43)
	at java.lang.reflect.Method.invoke(Method.java:498)
	at org.gradle.internal.dispatch.ReflectionDispatch.dispatch(ReflectionDispatch.java:36)
	at org.gradle.internal.dispatch.ReflectionDispatch.dispatch(ReflectionDispatch.java:24)
	at org.gradle.internal.dispatch.ContextClassLoaderDispatch.dispatch(ContextClassLoaderDispatch.java:33)
	at org.gradle.internal.dispatch.ProxyDispatchAdapter$DispatchingInvocationHandler.invoke(ProxyDispatchAdapter.java:94)
	at com.sun.proxy.$Proxy2.processTestClass(Unknown Source)
	at org.gradle.api.internal.tasks.testing.worker.TestWorker.processTestClass(TestWorker.java:121)
	at sun.reflect.NativeMethodAccessorImpl.invoke0(Native Method)
	at sun.reflect.NativeMethodAccessorImpl.invoke(NativeMethodAccessorImpl.java:62)
	at sun.reflect.DelegatingMethodAccessorImpl.invoke(DelegatingMethodAccessorImpl.java:43)
	at java.lang.reflect.Method.invoke(Method.java:498)
	at org.gradle.internal.dispatch.ReflectionDispatch.dispatch(ReflectionDispatch.java:36)
	at org.gradle.internal.dispatch.ReflectionDispatch.dispatch(ReflectionDispatch.java:24)
	at org.gradle.internal.remote.internal.hub.MessageHubBackedObjectConnection$DispatchWrapper.dispatch(MessageHubBackedObjectConnection.java:182)
	at org.gradle.internal.remote.internal.hub.MessageHubBackedObjectConnection$DispatchWrapper.dispatch(MessageHubBackedObjectConnection.java:164)
	at org.gradle.internal.remote.internal.hub.MessageHub$Handler.run(MessageHub.java:414)
	at org.gradle.internal.concurrent.ExecutorPolicy$CatchAndRecordFailures.onExecute(ExecutorPolicy.java:64)
	at org.gradle.internal.concurrent.ManagedExecutorImpl$1.run(ManagedExecutorImpl.java:48)
	at java.util.concurrent.ThreadPoolExecutor.runWorker(ThreadPoolExecutor.java:1149)
	at java.util.concurrent.ThreadPoolExecutor$Worker.run(ThreadPoolExecutor.java:624)
	at org.gradle.internal.concurrent.ThreadFactoryImpl$ManagedThreadRunnable.run(ThreadFactoryImpl.java:56)
	at java.lang.Thread.run(Thread.java:748)
Caused by: org.openqa.selenium.NoSuchElementException: Timed out after 25 seconds. Element not found
For documentation on this error, please visit: https://www.seleniumhq.org/exceptions/no_such_element.html
Build info: version: '3.141.59', revision: 'e82be7d358', time: '2018-11-14T08:17:03'
System info: host: '22LAP5CD1195RQX', ip: '192.168.10.29', os.name: 'Windows 10', os.arch: 'amd64', os.version: '10.0', java.version: '1.8.0_291'
Driver info: driver.version: unknown
	at net.thucydides.core.annotations.locators.SmartAjaxElementLocator.ajaxFindElement(SmartAjaxElementLocator.java:166)
	at net.thucydides.core.annotations.locators.SmartAjaxElementLocator.findElement(SmartAjaxElementLocator.java:118)
	at net.serenitybdd.core.pages.WebElementResolverByElementLocator.resolveForDriver(WebElementResolverByElementLocator.java:30)
	at net.serenitybdd.core.pages.WebElementFacadeImpl.getElement(WebElementFacadeImpl.java:221)
	at net.serenitybdd.core.pages.WebElementExpectations$3.apply(WebElementExpectations.java:63)
	at net.serenitybdd.core.pages.WebElementExpectations$3.apply(WebElementExpectations.java:55)
	at org.openqa.selenium.support.ui.FluentWait.until(FluentWait.java:249)
	... 76 more

]]></system-out>
  <system-err><![CDATA[]]></system-err>
</testsuite>
